Nov 21, 2018 10:38:18 AM org.apache.catalina.core.AprLifecycleListener init
INFO: The APR based Apache Tomcat Native library which allows optimal performance in production environments was not found on the java.library.path: C:\Program Files\Java\jre1.8.0_121\bin;C:\WINDOWS\Sun\Java\bin;C:\WINDOWS\system32;C:\WINDOWS;C:\Program Files\NVIDIA GPU Computing Toolkit\CUDA\v9.0\bin;C:\Program Files\NVIDIA GPU Computing Toolkit\CUDA\v9.0\libnvvp;C:\Python27;C:\Python27\;C:\Python27\Scripts\;C:\Program Files (x86)\NVIDIA Corporation\PhysX\Common;C:\Program Files\Git\cmd;C:\Program Files\PuTTY\;C:\Users\admin\AppData\Local\Programs\Python\Python36\Scripts\;C:\Users\admin\AppData\Local\Programs\Python\Python36\;C:\Program Files\MongoDB\Server\3.2\bin;C:\Users\admin\AppData\Local\Microsoft\WindowsApps;C:\Users\admin\AppData\Local\Programs\Microsoft VS Code\bin;";C:\Python27\;C:\Python27\Scripts\";C:\cuda\bin;C:\cuda\include;C:\cuda\lib;c:\users\admin\appdata\local\programs\python\python36\Scripts;C:\Users\admin\AppData\Roaming\Python\Python36\Scripts;C:\Users\admin\AppData\Local\atom\bin;C:\Program Files (x86)\Windows Kits\10\Include\\ucrt;"C:\WINDOWS\System32;C:\WINDOWS";C:\Windows\System32\;;.
Nov 21, 2018 10:38:19 AM org.apache.coyote.AbstractProtocol init
INFO: Initializing ProtocolHandler ["http-bio-8080"]
Nov 21, 2018 10:38:19 AM org.apache.coyote.AbstractProtocol init
INFO: Initializing ProtocolHandler ["ajp-bio-8009"]
Nov 21, 2018 10:38:19 AM org.apache.catalina.startup.Catalina load
INFO: Initialization processed in 1111 ms
Nov 21, 2018 10:38:19 AM org.apache.catalina.core.StandardService startInternal
INFO: Starting service Catalina
Nov 21, 2018 10:38:19 AM org.apache.catalina.core.StandardEngine startInternal
INFO: Starting Servlet Engine: Apache Tomcat/7.0.56
Nov 21, 2018 10:38:19 AM org.apache.catalina.startup.HostConfig deployDirectory
INFO: Deploying web application directory C:\Users\admin\Desktop\apache-tomcat-7.0.56\webapps\docs
Nov 21, 2018 10:38:20 AM org.apache.catalina.util.SessionIdGenerator createSecureRandom
INFO: Creation of SecureRandom instance for session ID generation using [SHA1PRNG] took [323] milliseconds.
Nov 21, 2018 10:38:20 AM org.apache.catalina.startup.HostConfig deployDirectory
INFO: Deployment of web application directory C:\Users\admin\Desktop\apache-tomcat-7.0.56\webapps\docs has finished in 655 ms
Nov 21, 2018 10:38:20 AM org.apache.catalina.startup.HostConfig deployDirectory
INFO: Deploying web application directory C:\Users\admin\Desktop\apache-tomcat-7.0.56\webapps\event
Nov 21, 2018 10:38:21 AM org.apache.catalina.startup.HostConfig deployDirectory
INFO: Deployment of web application directory C:\Users\admin\Desktop\apache-tomcat-7.0.56\webapps\event has finished in 1,673 ms
Nov 21, 2018 10:38:21 AM org.apache.catalina.startup.HostConfig deployDirectory
INFO: Deploying web application directory C:\Users\admin\Desktop\apache-tomcat-7.0.56\webapps\examples
Nov 21, 2018 10:38:23 AM org.apache.catalina.startup.HostConfig deployDirectory
INFO: Deployment of web application directory C:\Users\admin\Desktop\apache-tomcat-7.0.56\webapps\examples has finished in 1,489 ms
Nov 21, 2018 10:38:23 AM org.apache.catalina.startup.HostConfig deployDirectory
INFO: Deploying web application directory C:\Users\admin\Desktop\apache-tomcat-7.0.56\webapps\host-manager
Nov 21, 2018 10:38:23 AM org.apache.catalina.startup.HostConfig deployDirectory
INFO: Deployment of web application directory C:\Users\admin\Desktop\apache-tomcat-7.0.56\webapps\host-manager has finished in 116 ms
Nov 21, 2018 10:38:23 AM org.apache.catalina.startup.HostConfig deployDirectory
INFO: Deploying web application directory C:\Users\admin\Desktop\apache-tomcat-7.0.56\webapps\manager
Nov 21, 2018 10:38:23 AM org.apache.catalina.startup.HostConfig deployDirectory
INFO: Deployment of web application directory C:\Users\admin\Desktop\apache-tomcat-7.0.56\webapps\manager has finished in 149 ms
Nov 21, 2018 10:38:23 AM org.apache.catalina.startup.HostConfig deployDirectory
INFO: Deploying web application directory C:\Users\admin\Desktop\apache-tomcat-7.0.56\webapps\mca
Nov 21, 2018 10:38:24 AM org.apache.catalina.startup.HostConfig deployDirectory
INFO: Deployment of web application directory C:\Users\admin\Desktop\apache-tomcat-7.0.56\webapps\mca has finished in 807 ms
Nov 21, 2018 10:38:24 AM org.apache.catalina.startup.HostConfig deployDirectory
INFO: Deploying web application directory C:\Users\admin\Desktop\apache-tomcat-7.0.56\webapps\ROOT
Nov 21, 2018 10:38:24 AM org.apache.catalina.startup.HostConfig deployDirectory
INFO: Deployment of web application directory C:\Users\admin\Desktop\apache-tomcat-7.0.56\webapps\ROOT has finished in 54 ms
Nov 21, 2018 10:38:24 AM org.apache.coyote.AbstractProtocol start
INFO: Starting ProtocolHandler ["http-bio-8080"]
Nov 21, 2018 10:38:24 AM org.apache.coyote.AbstractProtocol start
INFO: Starting ProtocolHandler ["ajp-bio-8009"]
Nov 21, 2018 10:38:24 AM org.apache.catalina.startup.Catalina start
INFO: Server startup in 5035 ms
Nov 21, 2018 10:43:28 AM org.apache.catalina.core.AprLifecycleListener init
INFO: The APR based Apache Tomcat Native library which allows optimal performance in production environments was not found on the java.library.path: C:\Program Files\Java\jre1.8.0_121\bin;C:\WINDOWS\Sun\Java\bin;C:\WINDOWS\system32;C:\WINDOWS;C:\Program Files\NVIDIA GPU Computing Toolkit\CUDA\v9.0\bin;C:\Program Files\NVIDIA GPU Computing Toolkit\CUDA\v9.0\libnvvp;C:\Python27;C:\Python27\;C:\Python27\Scripts\;C:\Program Files (x86)\NVIDIA Corporation\PhysX\Common;C:\Program Files\Git\cmd;C:\Program Files\PuTTY\;C:\Users\admin\AppData\Local\Programs\Python\Python36\Scripts\;C:\Users\admin\AppData\Local\Programs\Python\Python36\;C:\Program Files\MongoDB\Server\3.2\bin;C:\Users\admin\AppData\Local\Microsoft\WindowsApps;C:\Users\admin\AppData\Local\Programs\Microsoft VS Code\bin;";C:\Python27\;C:\Python27\Scripts\";C:\cuda\bin;C:\cuda\include;C:\cuda\lib;c:\users\admin\appdata\local\programs\python\python36\Scripts;C:\Users\admin\AppData\Roaming\Python\Python36\Scripts;C:\Users\admin\AppData\Local\atom\bin;C:\Program Files (x86)\Windows Kits\10\Include\\ucrt;"C:\WINDOWS\System32;C:\WINDOWS";C:\Windows\System32\;;.
Nov 21, 2018 10:43:29 AM org.apache.coyote.AbstractProtocol init
INFO: Initializing ProtocolHandler ["http-bio-8080"]
Nov 21, 2018 10:43:29 AM org.apache.coyote.AbstractProtocol init
INFO: Initializing ProtocolHandler ["ajp-bio-8009"]
Nov 21, 2018 10:43:29 AM org.apache.catalina.startup.Catalina load
INFO: Initialization processed in 530 ms
Nov 21, 2018 10:43:29 AM org.apache.catalina.core.StandardService startInternal
INFO: Starting service Catalina
Nov 21, 2018 10:43:29 AM org.apache.catalina.core.StandardEngine startInternal
INFO: Starting Servlet Engine: Apache Tomcat/7.0.56
Nov 21, 2018 10:43:29 AM org.apache.catalina.startup.HostConfig deployDirectory
INFO: Deploying web application directory C:\Users\admin\Desktop\apache-tomcat-7.0.56\webapps\docs
Nov 21, 2018 10:43:29 AM org.apache.catalina.util.SessionIdGenerator createSecureRandom
INFO: Creation of SecureRandom instance for session ID generation using [SHA1PRNG] took [317] milliseconds.
Nov 21, 2018 10:43:29 AM org.apache.catalina.startup.HostConfig deployDirectory
INFO: Deployment of web application directory C:\Users\admin\Desktop\apache-tomcat-7.0.56\webapps\docs has finished in 601 ms
Nov 21, 2018 10:43:29 AM org.apache.catalina.startup.HostConfig deployDirectory
INFO: Deploying web application directory C:\Users\admin\Desktop\apache-tomcat-7.0.56\webapps\event
Nov 21, 2018 10:43:30 AM org.apache.catalina.startup.HostConfig deployDirectory
INFO: Deployment of web application directory C:\Users\admin\Desktop\apache-tomcat-7.0.56\webapps\event has finished in 386 ms
Nov 21, 2018 10:43:30 AM org.apache.catalina.startup.HostConfig deployDirectory
INFO: Deploying web application directory C:\Users\admin\Desktop\apache-tomcat-7.0.56\webapps\examples
Nov 21, 2018 10:43:30 AM org.apache.catalina.startup.HostConfig deployDirectory
INFO: Deployment of web application directory C:\Users\admin\Desktop\apache-tomcat-7.0.56\webapps\examples has finished in 270 ms
Nov 21, 2018 10:43:30 AM org.apache.catalina.startup.HostConfig deployDirectory
INFO: Deploying web application directory C:\Users\admin\Desktop\apache-tomcat-7.0.56\webapps\host-manager
Nov 21, 2018 10:43:30 AM org.apache.catalina.startup.HostConfig deployDirectory
INFO: Deployment of web application directory C:\Users\admin\Desktop\apache-tomcat-7.0.56\webapps\host-manager has finished in 100 ms
Nov 21, 2018 10:43:30 AM org.apache.catalina.startup.HostConfig deployDirectory
INFO: Deploying web application directory C:\Users\admin\Desktop\apache-tomcat-7.0.56\webapps\manager
Nov 21, 2018 10:43:30 AM org.apache.catalina.startup.HostConfig deployDirectory
INFO: Deployment of web application directory C:\Users\admin\Desktop\apache-tomcat-7.0.56\webapps\manager has finished in 62 ms
Nov 21, 2018 10:43:30 AM org.apache.catalina.startup.HostConfig deployDirectory
INFO: Deploying web application directory C:\Users\admin\Desktop\apache-tomcat-7.0.56\webapps\mca
Nov 21, 2018 10:43:31 AM org.apache.catalina.startup.HostConfig deployDirectory
INFO: Deployment of web application directory C:\Users\admin\Desktop\apache-tomcat-7.0.56\webapps\mca has finished in 307 ms
Nov 21, 2018 10:43:31 AM org.apache.catalina.startup.HostConfig deployDirectory
INFO: Deploying web application directory C:\Users\admin\Desktop\apache-tomcat-7.0.56\webapps\ROOT
Nov 21, 2018 10:43:31 AM org.apache.catalina.startup.HostConfig deployDirectory
INFO: Deployment of web application directory C:\Users\admin\Desktop\apache-tomcat-7.0.56\webapps\ROOT has finished in 47 ms
Nov 21, 2018 10:43:31 AM org.apache.coyote.AbstractProtocol start
INFO: Starting ProtocolHandler ["http-bio-8080"]
Nov 21, 2018 10:43:31 AM org.apache.coyote.AbstractProtocol start
INFO: Starting ProtocolHandler ["ajp-bio-8009"]
Nov 21, 2018 10:43:31 AM org.apache.catalina.startup.Catalina start
INFO: Server startup in 1845 ms
