Oct 21, 2018 8:33:10 AM org.apache.catalina.core.AprLifecycleListener init
INFO: The APR based Apache Tomcat Native library which allows optimal performance in production environments was not found on the java.library.path: C:\Program Files\Java\jre1.8.0_121\bin;C:\WINDOWS\Sun\Java\bin;C:\WINDOWS\system32;C:\WINDOWS;C:\Program Files\NVIDIA GPU Computing Toolkit\CUDA\v9.0\bin;C:\Program Files\NVIDIA GPU Computing Toolkit\CUDA\v9.0\libnvvp;C:\Python27;C:\Python27\;C:\Python27\Scripts\;C:\Program Files (x86)\NVIDIA Corporation\PhysX\Common;C:\Users\admin\AppData\Local\Programs\Python\Python36\Scripts\;C:\Users\admin\AppData\Local\Programs\Python\Python36\;C:\Program Files\MongoDB\Server\3.2\bin;C:\Users\admin\AppData\Local\Microsoft\WindowsApps;C:\Users\admin\AppData\Local\Programs\Microsoft VS Code\bin;";C:\Python27\;C:\Python27\Scripts\";C:\cuda\bin;C:\cuda\include;C:\cuda\lib;c:\users\admin\appdata\local\programs\python\python36\Scripts;C:\Users\admin\AppData\Roaming\Python\Python36\Scripts;C:\Users\admin\AppData\Local\atom\bin;.
Oct 21, 2018 8:33:12 AM org.apache.coyote.AbstractProtocol init
INFO: Initializing ProtocolHandler ["http-bio-8080"]
Oct 21, 2018 8:33:12 AM org.apache.coyote.AbstractProtocol init
INFO: Initializing ProtocolHandler ["ajp-bio-8009"]
Oct 21, 2018 8:33:12 AM org.apache.catalina.startup.Catalina load
INFO: Initialization processed in 1945 ms
Oct 21, 2018 8:33:12 AM org.apache.catalina.core.StandardService startInternal
INFO: Starting service Catalina
Oct 21, 2018 8:33:12 AM org.apache.catalina.core.StandardEngine startInternal
INFO: Starting Servlet Engine: Apache Tomcat/7.0.56
Oct 21, 2018 8:33:12 AM org.apache.catalina.startup.HostConfig deployDirectory
INFO: Deploying web application directory C:\Users\admin\Desktop\apache-tomcat-7.0.56\webapps\docs
Oct 21, 2018 8:33:13 AM org.apache.catalina.util.SessionIdGenerator createSecureRandom
INFO: Creation of SecureRandom instance for session ID generation using [SHA1PRNG] took [513] milliseconds.
Oct 21, 2018 8:33:13 AM org.apache.catalina.startup.HostConfig deployDirectory
INFO: Deployment of web application directory C:\Users\admin\Desktop\apache-tomcat-7.0.56\webapps\docs has finished in 1,077 ms
Oct 21, 2018 8:33:13 AM org.apache.catalina.startup.HostConfig deployDirectory
INFO: Deploying web application directory C:\Users\admin\Desktop\apache-tomcat-7.0.56\webapps\event
Oct 21, 2018 8:33:15 AM org.apache.catalina.startup.HostConfig deployDirectory
INFO: Deployment of web application directory C:\Users\admin\Desktop\apache-tomcat-7.0.56\webapps\event has finished in 1,544 ms
Oct 21, 2018 8:33:15 AM org.apache.catalina.startup.HostConfig deployDirectory
INFO: Deploying web application directory C:\Users\admin\Desktop\apache-tomcat-7.0.56\webapps\examples
Oct 21, 2018 8:33:16 AM org.apache.catalina.startup.HostConfig deployDirectory
INFO: Deployment of web application directory C:\Users\admin\Desktop\apache-tomcat-7.0.56\webapps\examples has finished in 1,366 ms
Oct 21, 2018 8:33:16 AM org.apache.catalina.startup.HostConfig deployDirectory
INFO: Deploying web application directory C:\Users\admin\Desktop\apache-tomcat-7.0.56\webapps\host-manager
Oct 21, 2018 8:33:16 AM org.apache.catalina.startup.HostConfig deployDirectory
INFO: Deployment of web application directory C:\Users\admin\Desktop\apache-tomcat-7.0.56\webapps\host-manager has finished in 193 ms
Oct 21, 2018 8:33:16 AM org.apache.catalina.startup.HostConfig deployDirectory
INFO: Deploying web application directory C:\Users\admin\Desktop\apache-tomcat-7.0.56\webapps\manager
Oct 21, 2018 8:33:16 AM org.apache.catalina.startup.HostConfig deployDirectory
INFO: Deployment of web application directory C:\Users\admin\Desktop\apache-tomcat-7.0.56\webapps\manager has finished in 131 ms
Oct 21, 2018 8:33:16 AM org.apache.catalina.startup.HostConfig deployDirectory
INFO: Deploying web application directory C:\Users\admin\Desktop\apache-tomcat-7.0.56\webapps\mca
Oct 21, 2018 8:33:18 AM org.apache.catalina.startup.HostConfig deployDirectory
INFO: Deployment of web application directory C:\Users\admin\Desktop\apache-tomcat-7.0.56\webapps\mca has finished in 1,363 ms
Oct 21, 2018 8:33:18 AM org.apache.catalina.startup.HostConfig deployDirectory
INFO: Deploying web application directory C:\Users\admin\Desktop\apache-tomcat-7.0.56\webapps\ROOT
Oct 21, 2018 8:33:18 AM org.apache.catalina.startup.HostConfig deployDirectory
INFO: Deployment of web application directory C:\Users\admin\Desktop\apache-tomcat-7.0.56\webapps\ROOT has finished in 85 ms
Oct 21, 2018 8:33:18 AM org.apache.coyote.AbstractProtocol start
INFO: Starting ProtocolHandler ["http-bio-8080"]
Oct 21, 2018 8:33:18 AM org.apache.coyote.AbstractProtocol start
INFO: Starting ProtocolHandler ["ajp-bio-8009"]
Oct 21, 2018 8:33:18 AM org.apache.catalina.startup.Catalina start
INFO: Server startup in 5881 ms
