Mar 08, 2016 6:53:30 PM org.apache.catalina.core.AprLifecycleListener init
INFO: The APR based Apache Tomcat Native library which allows optimal performance in production environments was not found on the java.library.path: /usr/java/packages/lib/amd64:/usr/lib64:/lib64:/lib:/usr/lib
Mar 08, 2016 6:53:31 PM org.apache.coyote.AbstractProtocol init
INFO: Initializing ProtocolHandler ["http-bio-8080"]
Mar 08, 2016 6:53:31 PM org.apache.coyote.AbstractProtocol init
INFO: Initializing ProtocolHandler ["ajp-bio-8009"]
Mar 08, 2016 6:53:31 PM org.apache.catalina.startup.Catalina load
INFO: Initialization processed in 1328 ms
Mar 08, 2016 6:53:31 PM org.apache.catalina.core.StandardService startInternal
INFO: Starting service Catalina
Mar 08, 2016 6:53:31 PM org.apache.catalina.core.StandardEngine startInternal
INFO: Starting Servlet Engine: Apache Tomcat/7.0.56
Mar 08, 2016 6:53:31 PM org.apache.catalina.startup.HostConfig deployDirectory
INFO: Deploying web application directory /root/apache-tomcat-7.0.56/webapps/ROOT
Mar 08, 2016 6:53:32 PM org.apache.catalina.startup.HostConfig deployDirectory
INFO: Deployment of web application directory /root/apache-tomcat-7.0.56/webapps/ROOT has finished in 577 ms
Mar 08, 2016 6:53:32 PM org.apache.catalina.startup.HostConfig deployDirectory
INFO: Deploying web application directory /root/apache-tomcat-7.0.56/webapps/examples
Mar 08, 2016 6:53:32 PM org.apache.catalina.startup.HostConfig deployDirectory
INFO: Deployment of web application directory /root/apache-tomcat-7.0.56/webapps/examples has finished in 381 ms
Mar 08, 2016 6:53:32 PM org.apache.catalina.startup.HostConfig deployDirectory
INFO: Deploying web application directory /root/apache-tomcat-7.0.56/webapps/manager
Mar 08, 2016 6:53:32 PM org.apache.catalina.startup.HostConfig deployDirectory
INFO: Deployment of web application directory /root/apache-tomcat-7.0.56/webapps/manager has finished in 51 ms
Mar 08, 2016 6:53:32 PM org.apache.catalina.startup.HostConfig deployDirectory
INFO: Deploying web application directory /root/apache-tomcat-7.0.56/webapps/host-manager
Mar 08, 2016 6:53:32 PM org.apache.catalina.startup.HostConfig deployDirectory
INFO: Deployment of web application directory /root/apache-tomcat-7.0.56/webapps/host-manager has finished in 54 ms
Mar 08, 2016 6:53:32 PM org.apache.catalina.startup.HostConfig deployDirectory
INFO: Deploying web application directory /root/apache-tomcat-7.0.56/webapps/docs
Mar 08, 2016 6:53:32 PM org.apache.catalina.startup.HostConfig deployDirectory
INFO: Deployment of web application directory /root/apache-tomcat-7.0.56/webapps/docs has finished in 50 ms
Mar 08, 2016 6:53:32 PM org.apache.coyote.AbstractProtocol start
INFO: Starting ProtocolHandler ["http-bio-8080"]
Mar 08, 2016 6:53:32 PM org.apache.coyote.AbstractProtocol start
INFO: Starting ProtocolHandler ["ajp-bio-8009"]
Mar 08, 2016 6:53:32 PM org.apache.catalina.startup.Catalina start
INFO: Server startup in 1192 ms
Mar 08, 2016 7:05:12 PM org.apache.catalina.startup.HostConfig deployDirectory
INFO: Deploying web application directory /root/apache-tomcat-7.0.56/webapps/examples (copy)
Mar 08, 2016 7:05:13 PM org.apache.catalina.startup.HostConfig deployDirectory
INFO: Deployment of web application directory /root/apache-tomcat-7.0.56/webapps/examples (copy) has finished in 233 ms
Mar 08, 2016 7:05:23 PM org.apache.catalina.startup.HostConfig undeploy
INFO: Undeploying context [/examples (copy)]
Mar 08, 2016 7:05:23 PM org.apache.catalina.startup.HostConfig deployDirectory
INFO: Deploying web application directory /root/apache-tomcat-7.0.56/webapps/mca
Mar 08, 2016 7:05:23 PM org.apache.catalina.startup.HostConfig deployDirectory
INFO: Deployment of web application directory /root/apache-tomcat-7.0.56/webapps/mca has finished in 171 ms
Mar 08, 2016 7:45:54 PM org.apache.catalina.startup.HostConfig reload
INFO: Reloading context [/mca]
Mar 08, 2016 7:45:54 PM org.apache.catalina.core.StandardContext reload
INFO: Reloading Context with name [/mca] has started
Mar 08, 2016 7:45:54 PM org.apache.catalina.core.StandardContext reload
INFO: Reloading Context with name [/mca] is completed
Mar 08, 2016 7:49:04 PM org.apache.catalina.startup.HostConfig reload
INFO: Reloading context [/mca]
Mar 08, 2016 7:49:04 PM org.apache.catalina.core.StandardContext reload
INFO: Reloading Context with name [/mca] has started
Mar 08, 2016 7:49:04 PM org.apache.catalina.core.StandardContext reload
INFO: Reloading Context with name [/mca] is completed
Mar 08, 2016 8:02:54 PM org.apache.catalina.startup.HostConfig reload
INFO: Reloading context [/mca]
Mar 08, 2016 8:02:54 PM org.apache.catalina.core.StandardContext reload
INFO: Reloading Context with name [/mca] has started
Mar 08, 2016 8:02:54 PM org.apache.catalina.core.StandardContext reload
INFO: Reloading Context with name [/mca] is completed
Mar 08, 2016 8:03:04 PM org.apache.catalina.startup.HostConfig reload
INFO: Reloading context [/mca]
Mar 08, 2016 8:03:04 PM org.apache.catalina.core.StandardContext reload
INFO: Reloading Context with name [/mca] has started
Mar 08, 2016 8:03:05 PM org.apache.catalina.core.StandardContext reload
INFO: Reloading Context with name [/mca] is completed
Mar 08, 2016 8:04:15 PM org.apache.catalina.startup.HostConfig reload
INFO: Reloading context [/mca]
Mar 08, 2016 8:04:15 PM org.apache.catalina.core.StandardContext reload
INFO: Reloading Context with name [/mca] has started
Mar 08, 2016 8:04:15 PM org.apache.catalina.core.StandardContext reload
INFO: Reloading Context with name [/mca] is completed
Mar 08, 2016 10:26:36 PM org.apache.catalina.startup.HostConfig undeploy
INFO: Undeploying context [/host-manager]
Mar 08, 2016 10:26:36 PM org.apache.catalina.loader.WebappClassLoader clearReferencesJdbc
WARNING: JDBC driver de-registration failed for web application [/host-manager]
java.lang.NullPointerException
	at org.apache.catalina.loader.WebappClassLoader.clearReferencesJdbc(WebappClassLoader.java:2071)
	at org.apache.catalina.loader.WebappClassLoader.clearReferences(WebappClassLoader.java:2007)
	at org.apache.catalina.loader.WebappClassLoader.stop(WebappClassLoader.java:1908)
	at org.apache.catalina.loader.WebappLoader.stopInternal(WebappLoader.java:661)
	at org.apache.catalina.util.LifecycleBase.stop(LifecycleBase.java:232)
	at org.apache.catalina.core.StandardContext.stopInternal(StandardContext.java:5730)
	at org.apache.catalina.util.LifecycleBase.stop(LifecycleBase.java:232)
	at org.apache.catalina.core.ContainerBase.removeChild(ContainerBase.java:1028)
	at org.apache.catalina.startup.HostConfig.undeploy(HostConfig.java:1500)
	at org.apache.catalina.startup.HostConfig.checkResources(HostConfig.java:1448)
	at org.apache.catalina.startup.HostConfig.check(HostConfig.java:1648)
	at org.apache.catalina.startup.HostConfig.lifecycleEvent(HostConfig.java:328)
	at org.apache.catalina.util.LifecycleSupport.fireLifecycleEvent(LifecycleSupport.java:117)
	at org.apache.catalina.util.LifecycleBase.fireLifecycleEvent(LifecycleBase.java:90)
	at org.apache.catalina.core.ContainerBase.backgroundProcess(ContainerBase.java:1374)
	at org.apache.catalina.core.ContainerBase$ContainerBackgroundProcessor.processChildren(ContainerBase.java:1546)
	at org.apache.catalina.core.ContainerBase$ContainerBackgroundProcessor.processChildren(ContainerBase.java:1556)
	at org.apache.catalina.core.ContainerBase$ContainerBackgroundProcessor.run(ContainerBase.java:1524)
	at java.lang.Thread.run(Thread.java:722)

Mar 08, 2016 10:26:37 PM org.apache.catalina.startup.HostConfig undeploy
INFO: Undeploying context [/docs]
Mar 08, 2016 10:26:37 PM org.apache.catalina.loader.WebappClassLoader clearReferencesJdbc
WARNING: JDBC driver de-registration failed for web application [/docs]
java.lang.NullPointerException
	at org.apache.catalina.loader.WebappClassLoader.clearReferencesJdbc(WebappClassLoader.java:2071)
	at org.apache.catalina.loader.WebappClassLoader.clearReferences(WebappClassLoader.java:2007)
	at org.apache.catalina.loader.WebappClassLoader.stop(WebappClassLoader.java:1908)
	at org.apache.catalina.loader.WebappLoader.stopInternal(WebappLoader.java:661)
	at org.apache.catalina.util.LifecycleBase.stop(LifecycleBase.java:232)
	at org.apache.catalina.core.StandardContext.stopInternal(StandardContext.java:5730)
	at org.apache.catalina.util.LifecycleBase.stop(LifecycleBase.java:232)
	at org.apache.catalina.core.ContainerBase.removeChild(ContainerBase.java:1028)
	at org.apache.catalina.startup.HostConfig.undeploy(HostConfig.java:1500)
	at org.apache.catalina.startup.HostConfig.checkResources(HostConfig.java:1448)
	at org.apache.catalina.startup.HostConfig.check(HostConfig.java:1648)
	at org.apache.catalina.startup.HostConfig.lifecycleEvent(HostConfig.java:328)
	at org.apache.catalina.util.LifecycleSupport.fireLifecycleEvent(LifecycleSupport.java:117)
	at org.apache.catalina.util.LifecycleBase.fireLifecycleEvent(LifecycleBase.java:90)
	at org.apache.catalina.core.ContainerBase.backgroundProcess(ContainerBase.java:1374)
	at org.apache.catalina.core.ContainerBase$ContainerBackgroundProcessor.processChildren(ContainerBase.java:1546)
	at org.apache.catalina.core.ContainerBase$ContainerBackgroundProcessor.processChildren(ContainerBase.java:1556)
	at org.apache.catalina.core.ContainerBase$ContainerBackgroundProcessor.run(ContainerBase.java:1524)
	at java.lang.Thread.run(Thread.java:722)

Mar 08, 2016 10:26:37 PM org.apache.catalina.startup.HostConfig undeploy
INFO: Undeploying context []
Mar 08, 2016 10:26:37 PM org.apache.catalina.loader.WebappClassLoader clearReferencesJdbc
WARNING: JDBC driver de-registration failed for web application []
java.lang.NullPointerException
	at org.apache.catalina.loader.WebappClassLoader.clearReferencesJdbc(WebappClassLoader.java:2071)
	at org.apache.catalina.loader.WebappClassLoader.clearReferences(WebappClassLoader.java:2007)
	at org.apache.catalina.loader.WebappClassLoader.stop(WebappClassLoader.java:1908)
	at org.apache.catalina.loader.WebappLoader.stopInternal(WebappLoader.java:661)
	at org.apache.catalina.util.LifecycleBase.stop(LifecycleBase.java:232)
	at org.apache.catalina.core.StandardContext.stopInternal(StandardContext.java:5730)
	at org.apache.catalina.util.LifecycleBase.stop(LifecycleBase.java:232)
	at org.apache.catalina.core.ContainerBase.removeChild(ContainerBase.java:1028)
	at org.apache.catalina.startup.HostConfig.undeploy(HostConfig.java:1500)
	at org.apache.catalina.startup.HostConfig.checkResources(HostConfig.java:1448)
	at org.apache.catalina.startup.HostConfig.check(HostConfig.java:1648)
	at org.apache.catalina.startup.HostConfig.lifecycleEvent(HostConfig.java:328)
	at org.apache.catalina.util.LifecycleSupport.fireLifecycleEvent(LifecycleSupport.java:117)
	at org.apache.catalina.util.LifecycleBase.fireLifecycleEvent(LifecycleBase.java:90)
	at org.apache.catalina.core.ContainerBase.backgroundProcess(ContainerBase.java:1374)
	at org.apache.catalina.core.ContainerBase$ContainerBackgroundProcessor.processChildren(ContainerBase.java:1546)
	at org.apache.catalina.core.ContainerBase$ContainerBackgroundProcessor.processChildren(ContainerBase.java:1556)
	at org.apache.catalina.core.ContainerBase$ContainerBackgroundProcessor.run(ContainerBase.java:1524)
	at java.lang.Thread.run(Thread.java:722)

Mar 08, 2016 10:26:38 PM org.apache.catalina.startup.HostConfig undeploy
INFO: Undeploying context [/mca]
Mar 08, 2016 10:26:38 PM org.apache.catalina.loader.WebappClassLoader clearReferencesJdbc
WARNING: JDBC driver de-registration failed for web application [/mca]
java.lang.NullPointerException
	at org.apache.catalina.loader.WebappClassLoader.clearReferencesJdbc(WebappClassLoader.java:2071)
	at org.apache.catalina.loader.WebappClassLoader.clearReferences(WebappClassLoader.java:2007)
	at org.apache.catalina.loader.WebappClassLoader.stop(WebappClassLoader.java:1908)
	at org.apache.catalina.loader.WebappLoader.stopInternal(WebappLoader.java:661)
	at org.apache.catalina.util.LifecycleBase.stop(LifecycleBase.java:232)
	at org.apache.catalina.core.StandardContext.stopInternal(StandardContext.java:5730)
	at org.apache.catalina.util.LifecycleBase.stop(LifecycleBase.java:232)
	at org.apache.catalina.core.ContainerBase.removeChild(ContainerBase.java:1028)
	at org.apache.catalina.startup.HostConfig.undeploy(HostConfig.java:1500)
	at org.apache.catalina.startup.HostConfig.checkResources(HostConfig.java:1448)
	at org.apache.catalina.startup.HostConfig.check(HostConfig.java:1648)
	at org.apache.catalina.startup.HostConfig.lifecycleEvent(HostConfig.java:328)
	at org.apache.catalina.util.LifecycleSupport.fireLifecycleEvent(LifecycleSupport.java:117)
	at org.apache.catalina.util.LifecycleBase.fireLifecycleEvent(LifecycleBase.java:90)
	at org.apache.catalina.core.ContainerBase.backgroundProcess(ContainerBase.java:1374)
	at org.apache.catalina.core.ContainerBase$ContainerBackgroundProcessor.processChildren(ContainerBase.java:1546)
	at org.apache.catalina.core.ContainerBase$ContainerBackgroundProcessor.processChildren(ContainerBase.java:1556)
	at org.apache.catalina.core.ContainerBase$ContainerBackgroundProcessor.run(ContainerBase.java:1524)
	at java.lang.Thread.run(Thread.java:722)

Mar 08, 2016 10:26:38 PM org.apache.catalina.startup.HostConfig undeploy
INFO: Undeploying context [/examples]
Mar 08, 2016 10:26:38 PM org.apache.catalina.loader.WebappClassLoader clearReferencesJdbc
WARNING: JDBC driver de-registration failed for web application [/examples]
java.lang.NullPointerException
	at org.apache.catalina.loader.WebappClassLoader.clearReferencesJdbc(WebappClassLoader.java:2071)
	at org.apache.catalina.loader.WebappClassLoader.clearReferences(WebappClassLoader.java:2007)
	at org.apache.catalina.loader.WebappClassLoader.stop(WebappClassLoader.java:1908)
	at org.apache.catalina.loader.WebappLoader.stopInternal(WebappLoader.java:661)
	at org.apache.catalina.util.LifecycleBase.stop(LifecycleBase.java:232)
	at org.apache.catalina.core.StandardContext.stopInternal(StandardContext.java:5730)
	at org.apache.catalina.util.LifecycleBase.stop(LifecycleBase.java:232)
	at org.apache.catalina.core.ContainerBase.removeChild(ContainerBase.java:1028)
	at org.apache.catalina.startup.HostConfig.undeploy(HostConfig.java:1500)
	at org.apache.catalina.startup.HostConfig.checkResources(HostConfig.java:1448)
	at org.apache.catalina.startup.HostConfig.check(HostConfig.java:1648)
	at org.apache.catalina.startup.HostConfig.lifecycleEvent(HostConfig.java:328)
	at org.apache.catalina.util.LifecycleSupport.fireLifecycleEvent(LifecycleSupport.java:117)
	at org.apache.catalina.util.LifecycleBase.fireLifecycleEvent(LifecycleBase.java:90)
	at org.apache.catalina.core.ContainerBase.backgroundProcess(ContainerBase.java:1374)
	at org.apache.catalina.core.ContainerBase$ContainerBackgroundProcessor.processChildren(ContainerBase.java:1546)
	at org.apache.catalina.core.ContainerBase$ContainerBackgroundProcessor.processChildren(ContainerBase.java:1556)
	at org.apache.catalina.core.ContainerBase$ContainerBackgroundProcessor.run(ContainerBase.java:1524)
	at java.lang.Thread.run(Thread.java:722)

Mar 08, 2016 10:26:39 PM org.apache.catalina.startup.HostConfig undeploy
INFO: Undeploying context [/manager]
Mar 08, 2016 10:26:39 PM org.apache.catalina.loader.WebappClassLoader clearReferencesJdbc
WARNING: JDBC driver de-registration failed for web application [/manager]
java.lang.NullPointerException
	at org.apache.catalina.loader.WebappClassLoader.clearReferencesJdbc(WebappClassLoader.java:2071)
	at org.apache.catalina.loader.WebappClassLoader.clearReferences(WebappClassLoader.java:2007)
	at org.apache.catalina.loader.WebappClassLoader.stop(WebappClassLoader.java:1908)
	at org.apache.catalina.loader.WebappLoader.stopInternal(WebappLoader.java:661)
	at org.apache.catalina.util.LifecycleBase.stop(LifecycleBase.java:232)
	at org.apache.catalina.core.StandardContext.stopInternal(StandardContext.java:5730)
	at org.apache.catalina.util.LifecycleBase.stop(LifecycleBase.java:232)
	at org.apache.catalina.core.ContainerBase.removeChild(ContainerBase.java:1028)
	at org.apache.catalina.startup.HostConfig.undeploy(HostConfig.java:1500)
	at org.apache.catalina.startup.HostConfig.checkResources(HostConfig.java:1448)
	at org.apache.catalina.startup.HostConfig.check(HostConfig.java:1648)
	at org.apache.catalina.startup.HostConfig.lifecycleEvent(HostConfig.java:328)
	at org.apache.catalina.util.LifecycleSupport.fireLifecycleEvent(LifecycleSupport.java:117)
	at org.apache.catalina.util.LifecycleBase.fireLifecycleEvent(LifecycleBase.java:90)
	at org.apache.catalina.core.ContainerBase.backgroundProcess(ContainerBase.java:1374)
	at org.apache.catalina.core.ContainerBase$ContainerBackgroundProcessor.processChildren(ContainerBase.java:1546)
	at org.apache.catalina.core.ContainerBase$ContainerBackgroundProcessor.processChildren(ContainerBase.java:1556)
	at org.apache.catalina.core.ContainerBase$ContainerBackgroundProcessor.run(ContainerBase.java:1524)
	at java.lang.Thread.run(Thread.java:722)

Mar 08, 2016 10:26:49 PM org.apache.catalina.startup.HostConfig deployDirectory
INFO: Deploying web application directory /root/apache-tomcat-7.0.56/webapps/tours
Mar 08, 2016 10:26:49 PM org.apache.catalina.startup.HostConfig deployDirectory
INFO: Deployment of web application directory /root/apache-tomcat-7.0.56/webapps/tours has finished in 615 ms
Mar 08, 2016 10:26:49 PM org.apache.catalina.startup.HostConfig deployDirectory
INFO: Deploying web application directory /root/apache-tomcat-7.0.56/webapps/walkin
Mar 08, 2016 10:26:50 PM org.apache.catalina.startup.HostConfig deployDirectory
INFO: Deployment of web application directory /root/apache-tomcat-7.0.56/webapps/walkin has finished in 506 ms
Mar 08, 2016 10:26:50 PM org.apache.catalina.startup.HostConfig deployDirectory
INFO: Deploying web application directory /root/apache-tomcat-7.0.56/webapps/hotel
Mar 08, 2016 10:26:51 PM org.apache.catalina.startup.HostConfig deployDirectory
INFO: Deployment of web application directory /root/apache-tomcat-7.0.56/webapps/hotel has finished in 573 ms
Mar 08, 2016 10:26:51 PM org.apache.catalina.startup.HostConfig deployDirectory
INFO: Deploying web application directory /root/apache-tomcat-7.0.56/webapps/deepesh
Mar 08, 2016 10:26:51 PM org.apache.catalina.startup.HostConfig deployDirectory
INFO: Deployment of web application directory /root/apache-tomcat-7.0.56/webapps/deepesh has finished in 692 ms
Mar 08, 2016 10:26:51 PM org.apache.catalina.startup.HostConfig deployDirectory
INFO: Deploying web application directory /root/apache-tomcat-7.0.56/webapps/ty1jsp
Mar 08, 2016 10:26:52 PM org.apache.catalina.startup.HostConfig deployDirectory
INFO: Deployment of web application directory /root/apache-tomcat-7.0.56/webapps/ty1jsp has finished in 361 ms
Mar 08, 2016 10:26:52 PM org.apache.catalina.startup.HostConfig deployDirectory
INFO: Deploying web application directory /root/apache-tomcat-7.0.56/webapps/bus
Mar 08, 2016 10:26:52 PM org.apache.catalina.startup.HostConfig deployDirectory
INFO: Deployment of web application directory /root/apache-tomcat-7.0.56/webapps/bus has finished in 599 ms
Mar 08, 2016 10:26:52 PM org.apache.catalina.startup.HostConfig deployDirectory
INFO: Deploying web application directory /root/apache-tomcat-7.0.56/webapps/alumni
Mar 08, 2016 10:26:53 PM org.apache.catalina.startup.HostConfig deployDirectory
INFO: Deployment of web application directory /root/apache-tomcat-7.0.56/webapps/alumni has finished in 472 ms
Mar 08, 2016 10:26:53 PM org.apache.catalina.startup.HostConfig deployDirectory
INFO: Deploying web application directory /root/apache-tomcat-7.0.56/webapps/study
Mar 08, 2016 10:26:53 PM org.apache.catalina.startup.HostConfig deployDirectory
INFO: Deployment of web application directory /root/apache-tomcat-7.0.56/webapps/study has finished in 566 ms
Mar 08, 2016 10:26:53 PM org.apache.catalina.startup.HostConfig deployDirectory
INFO: Deploying web application directory /root/apache-tomcat-7.0.56/webapps/akshay
Mar 08, 2016 10:26:54 PM org.apache.catalina.startup.HostConfig deployDirectory
INFO: Deployment of web application directory /root/apache-tomcat-7.0.56/webapps/akshay has finished in 498 ms
Mar 08, 2016 10:26:54 PM org.apache.catalina.startup.HostConfig deployDirectory
INFO: Deploying web application directory /root/apache-tomcat-7.0.56/webapps/prog
Mar 08, 2016 10:26:54 PM org.apache.catalina.startup.HostConfig deployDirectory
INFO: Deployment of web application directory /root/apache-tomcat-7.0.56/webapps/prog has finished in 530 ms
Mar 08, 2016 10:26:54 PM org.apache.catalina.startup.HostConfig deployDirectory
INFO: Deploying web application directory /root/apache-tomcat-7.0.56/webapps/sugar
Mar 08, 2016 10:26:55 PM org.apache.catalina.startup.HostConfig deployDirectory
INFO: Deployment of web application directory /root/apache-tomcat-7.0.56/webapps/sugar has finished in 699 ms
Mar 08, 2016 10:26:55 PM org.apache.catalina.startup.HostConfig deployDirectory
INFO: Deploying web application directory /root/apache-tomcat-7.0.56/webapps/prog1
Mar 08, 2016 10:26:55 PM org.apache.catalina.startup.HostConfig deployDirectory
INFO: Deployment of web application directory /root/apache-tomcat-7.0.56/webapps/prog1 has finished in 252 ms
Mar 08, 2016 10:26:55 PM org.apache.catalina.startup.HostConfig deployDirectory
INFO: Deploying web application directory /root/apache-tomcat-7.0.56/webapps/gift
Mar 08, 2016 10:26:56 PM org.apache.catalina.startup.HostConfig deployDirectory
INFO: Deployment of web application directory /root/apache-tomcat-7.0.56/webapps/gift has finished in 491 ms
Mar 08, 2016 10:26:56 PM org.apache.catalina.startup.HostConfig deployDirectory
INFO: Deploying web application directory /root/apache-tomcat-7.0.56/webapps/food
Mar 08, 2016 10:26:56 PM org.apache.catalina.startup.HostConfig deployDirectory
INFO: Deployment of web application directory /root/apache-tomcat-7.0.56/webapps/food has finished in 588 ms
Mar 08, 2016 10:26:56 PM org.apache.catalina.startup.HostConfig deployDirectory
INFO: Deploying web application directory /root/apache-tomcat-7.0.56/webapps/food1
Mar 08, 2016 10:26:57 PM org.apache.catalina.startup.TaglibUriRule body
INFO: TLD skipped. URI: /SimpleTagLibrary is already defined
Mar 08, 2016 10:26:57 PM org.apache.catalina.startup.TaglibUriRule body
INFO: TLD skipped. URI: http://jakarta.apache.org/tomcat/example-taglib is already defined
Mar 08, 2016 10:26:57 PM org.apache.catalina.startup.HostConfig deployDirectory
INFO: Deployment of web application directory /root/apache-tomcat-7.0.56/webapps/food1 has finished in 568 ms
Mar 08, 2016 10:26:57 PM org.apache.catalina.startup.HostConfig deployDirectory
INFO: Deploying web application directory /root/apache-tomcat-7.0.56/webapps/notice
Mar 08, 2016 10:26:57 PM org.apache.catalina.startup.HostConfig deployDirectory
INFO: Deployment of web application directory /root/apache-tomcat-7.0.56/webapps/notice has finished in 375 ms
Mar 08, 2016 10:26:57 PM org.apache.catalina.startup.HostConfig deployDirectory
INFO: Deploying web application directory /root/apache-tomcat-7.0.56/webapps/blood1
Mar 08, 2016 10:26:58 PM org.apache.catalina.startup.HostConfig deployDirectory
INFO: Deployment of web application directory /root/apache-tomcat-7.0.56/webapps/blood1 has finished in 852 ms
Mar 08, 2016 10:26:58 PM org.apache.catalina.startup.HostConfig deployDirectory
INFO: Deploying web application directory /root/apache-tomcat-7.0.56/webapps/seasonal
Mar 08, 2016 10:26:59 PM org.apache.catalina.startup.HostConfig deployDirectory
INFO: Deployment of web application directory /root/apache-tomcat-7.0.56/webapps/seasonal has finished in 426 ms
Mar 08, 2016 10:26:59 PM org.apache.catalina.startup.HostConfig deployDirectory
INFO: Deploying web application directory /root/apache-tomcat-7.0.56/webapps/library
Mar 08, 2016 10:26:59 PM org.apache.catalina.startup.HostConfig deployDirectory
INFO: Deployment of web application directory /root/apache-tomcat-7.0.56/webapps/library has finished in 317 ms
Mar 08, 2016 10:26:59 PM org.apache.catalina.startup.HostConfig deployDirectory
INFO: Deploying web application directory /root/apache-tomcat-7.0.56/webapps/service
Mar 08, 2016 10:26:59 PM org.apache.catalina.startup.HostConfig deployDirectory
INFO: Deployment of web application directory /root/apache-tomcat-7.0.56/webapps/service has finished in 584 ms
Mar 08, 2016 10:26:59 PM org.apache.catalina.startup.HostConfig deployDirectory
INFO: Deploying web application directory /root/apache-tomcat-7.0.56/webapps/callcenter
Mar 08, 2016 10:27:00 PM org.apache.catalina.startup.HostConfig deployDirectory
INFO: Deployment of web application directory /root/apache-tomcat-7.0.56/webapps/callcenter has finished in 498 ms
Mar 08, 2016 10:27:00 PM org.apache.catalina.startup.HostConfig deployDirectory
INFO: Deploying web application directory /root/apache-tomcat-7.0.56/webapps/exam
Mar 08, 2016 10:27:00 PM org.apache.catalina.startup.HostConfig deployDirectory
INFO: Deployment of web application directory /root/apache-tomcat-7.0.56/webapps/exam has finished in 530 ms
Mar 08, 2016 10:27:00 PM org.apache.catalina.startup.HostConfig deployDirectory
INFO: Deploying web application directory /root/apache-tomcat-7.0.56/webapps/artschool
Mar 08, 2016 10:27:01 PM org.apache.catalina.startup.HostConfig deployDirectory
INFO: Deployment of web application directory /root/apache-tomcat-7.0.56/webapps/artschool has finished in 516 ms
Mar 08, 2016 10:27:01 PM org.apache.catalina.startup.HostConfig deployDirectory
INFO: Deploying web application directory /root/apache-tomcat-7.0.56/webapps/job
Mar 08, 2016 10:27:02 PM org.apache.catalina.startup.HostConfig deployDirectory
INFO: Deployment of web application directory /root/apache-tomcat-7.0.56/webapps/job has finished in 511 ms
Mar 08, 2016 10:27:02 PM org.apache.catalina.startup.HostConfig deployDirectory
INFO: Deploying web application directory /root/apache-tomcat-7.0.56/webapps/furniture
Mar 08, 2016 10:27:02 PM org.apache.catalina.startup.HostConfig deployDirectory
INFO: Deployment of web application directory /root/apache-tomcat-7.0.56/webapps/furniture has finished in 514 ms
Mar 08, 2016 10:27:02 PM org.apache.catalina.startup.HostConfig deployDirectory
INFO: Deploying web application directory /root/apache-tomcat-7.0.56/webapps/ty2
Mar 08, 2016 10:27:02 PM org.apache.catalina.startup.HostConfig deployDirectory
INFO: Deployment of web application directory /root/apache-tomcat-7.0.56/webapps/ty2 has finished in 331 ms
Mar 08, 2016 10:27:02 PM org.apache.catalina.startup.HostConfig deployDirectory
INFO: Deploying web application directory /root/apache-tomcat-7.0.56/webapps/ecards
Mar 08, 2016 10:27:03 PM org.apache.catalina.startup.HostConfig deployDirectory
INFO: Deployment of web application directory /root/apache-tomcat-7.0.56/webapps/ecards has finished in 509 ms
Mar 08, 2016 10:27:03 PM org.apache.catalina.startup.HostConfig deployDirectory
INFO: Deploying web application directory /root/apache-tomcat-7.0.56/webapps/job1
Mar 08, 2016 10:27:04 PM org.apache.catalina.startup.HostConfig deployDirectory
INFO: Deployment of web application directory /root/apache-tomcat-7.0.56/webapps/job1 has finished in 723 ms
Mar 08, 2016 10:27:04 PM org.apache.catalina.startup.HostConfig deployDirectory
INFO: Deploying web application directory /root/apache-tomcat-7.0.56/webapps/health
Mar 08, 2016 10:27:04 PM org.apache.catalina.startup.HostConfig deployDirectory
INFO: Deployment of web application directory /root/apache-tomcat-7.0.56/webapps/health has finished in 671 ms
Mar 08, 2016 10:27:04 PM org.apache.catalina.startup.HostConfig deployDirectory
INFO: Deploying web application directory /root/apache-tomcat-7.0.56/webapps/payroll
Mar 08, 2016 10:27:05 PM org.apache.catalina.startup.HostConfig deployDirectory
INFO: Deployment of web application directory /root/apache-tomcat-7.0.56/webapps/payroll has finished in 296 ms
Mar 08, 2016 10:27:05 PM org.apache.catalina.startup.HostConfig deployDirectory
INFO: Deploying web application directory /root/apache-tomcat-7.0.56/webapps/ROOT
Mar 08, 2016 10:27:05 PM org.apache.catalina.startup.HostConfig deployDirectory
INFO: Deployment of web application directory /root/apache-tomcat-7.0.56/webapps/ROOT has finished in 54 ms
Mar 08, 2016 10:27:05 PM org.apache.catalina.startup.HostConfig deployDirectory
INFO: Deploying web application directory /root/apache-tomcat-7.0.56/webapps/vote
Mar 08, 2016 10:27:05 PM org.apache.catalina.startup.HostConfig deployDirectory
INFO: Deployment of web application directory /root/apache-tomcat-7.0.56/webapps/vote has finished in 677 ms
Mar 08, 2016 10:27:05 PM org.apache.catalina.startup.HostConfig deployDirectory
INFO: Deploying web application directory /root/apache-tomcat-7.0.56/webapps/tnt
Mar 08, 2016 10:27:06 PM org.apache.catalina.startup.HostConfig deployDirectory
INFO: Deployment of web application directory /root/apache-tomcat-7.0.56/webapps/tnt has finished in 459 ms
Mar 08, 2016 10:27:06 PM org.apache.catalina.startup.HostConfig deployDirectory
INFO: Deploying web application directory /root/apache-tomcat-7.0.56/webapps/e-keyboard
Mar 08, 2016 10:27:06 PM org.apache.catalina.startup.HostConfig deployDirectory
INFO: Deployment of web application directory /root/apache-tomcat-7.0.56/webapps/e-keyboard has finished in 671 ms
Mar 08, 2016 10:27:06 PM org.apache.catalina.startup.HostConfig deployDirectory
INFO: Deploying web application directory /root/apache-tomcat-7.0.56/webapps/hosp
Mar 08, 2016 10:27:07 PM org.apache.catalina.startup.HostConfig deployDirectory
INFO: Deployment of web application directory /root/apache-tomcat-7.0.56/webapps/hosp has finished in 625 ms
Mar 08, 2016 10:27:07 PM org.apache.catalina.startup.HostConfig deployDirectory
INFO: Deploying web application directory /root/apache-tomcat-7.0.56/webapps/walk
Mar 08, 2016 10:27:07 PM org.apache.catalina.startup.HostConfig deployDirectory
INFO: Deployment of web application directory /root/apache-tomcat-7.0.56/webapps/walk has finished in 409 ms
Mar 08, 2016 10:27:07 PM org.apache.catalina.startup.HostConfig deployDirectory
INFO: Deploying web application directory /root/apache-tomcat-7.0.56/webapps/society
Mar 08, 2016 10:27:08 PM org.apache.catalina.startup.HostConfig deployDirectory
INFO: Deployment of web application directory /root/apache-tomcat-7.0.56/webapps/society has finished in 586 ms
Mar 08, 2016 10:27:08 PM org.apache.catalina.startup.HostConfig deployDirectory
INFO: Deploying web application directory /root/apache-tomcat-7.0.56/webapps/tyjsp
Mar 08, 2016 10:27:08 PM org.apache.catalina.startup.HostConfig deployDirectory
INFO: Deployment of web application directory /root/apache-tomcat-7.0.56/webapps/tyjsp has finished in 351 ms
Mar 08, 2016 10:27:08 PM org.apache.catalina.startup.HostConfig deployDirectory
INFO: Deploying web application directory /root/apache-tomcat-7.0.56/webapps/bookshop
Mar 08, 2016 10:27:09 PM org.apache.catalina.startup.HostConfig deployDirectory
INFO: Deployment of web application directory /root/apache-tomcat-7.0.56/webapps/bookshop has finished in 511 ms
Mar 08, 2016 10:27:09 PM org.apache.catalina.startup.HostConfig deployDirectory
INFO: Deploying web application directory /root/apache-tomcat-7.0.56/webapps/lib
Mar 08, 2016 10:27:10 PM org.apache.catalina.startup.HostConfig deployDirectory
INFO: Deployment of web application directory /root/apache-tomcat-7.0.56/webapps/lib has finished in 647 ms
Mar 08, 2016 10:27:10 PM org.apache.catalina.startup.HostConfig deployDirectory
INFO: Deploying web application directory /root/apache-tomcat-7.0.56/webapps/examples
Mar 08, 2016 10:27:10 PM org.apache.catalina.startup.HostConfig deployDirectory
INFO: Deployment of web application directory /root/apache-tomcat-7.0.56/webapps/examples has finished in 332 ms
Mar 08, 2016 10:27:10 PM org.apache.catalina.startup.HostConfig deployDirectory
INFO: Deploying web application directory /root/apache-tomcat-7.0.56/webapps/blood
Mar 08, 2016 10:27:10 PM org.apache.catalina.startup.HostConfig deployDirectory
INFO: Deployment of web application directory /root/apache-tomcat-7.0.56/webapps/blood has finished in 453 ms
Mar 08, 2016 10:27:10 PM org.apache.catalina.startup.HostConfig deployDirectory
INFO: Deploying web application directory /root/apache-tomcat-7.0.56/webapps/manager
Mar 08, 2016 10:27:10 PM org.apache.catalina.startup.HostConfig deployDirectory
INFO: Deployment of web application directory /root/apache-tomcat-7.0.56/webapps/manager has finished in 56 ms
Mar 08, 2016 10:27:10 PM org.apache.catalina.startup.HostConfig deployDirectory
INFO: Deploying web application directory /root/apache-tomcat-7.0.56/webapps/kids
Mar 08, 2016 10:27:11 PM org.apache.catalina.startup.HostConfig deployDirectory
INFO: Deployment of web application directory /root/apache-tomcat-7.0.56/webapps/kids has finished in 534 ms
Mar 08, 2016 10:27:11 PM org.apache.catalina.startup.HostConfig deployDirectory
INFO: Deploying web application directory /root/apache-tomcat-7.0.56/webapps/bug
Mar 08, 2016 10:27:11 PM org.apache.catalina.startup.HostConfig deployDirectory
INFO: Deployment of web application directory /root/apache-tomcat-7.0.56/webapps/bug has finished in 498 ms
Mar 08, 2016 10:27:11 PM org.apache.catalina.startup.HostConfig deployDirectory
INFO: Deploying web application directory /root/apache-tomcat-7.0.56/webapps/travels
Mar 08, 2016 10:27:12 PM org.apache.catalina.startup.HostConfig deployDirectory
INFO: Deployment of web application directory /root/apache-tomcat-7.0.56/webapps/travels has finished in 629 ms
Mar 08, 2016 10:27:12 PM org.apache.catalina.startup.HostConfig deployDirectory
INFO: Deploying web application directory /root/apache-tomcat-7.0.56/webapps/attendance
Mar 08, 2016 10:27:12 PM org.apache.catalina.startup.HostConfig deployDirectory
INFO: Deployment of web application directory /root/apache-tomcat-7.0.56/webapps/attendance has finished in 338 ms
Mar 08, 2016 10:27:12 PM org.apache.catalina.startup.HostConfig deployDirectory
INFO: Deploying web application directory /root/apache-tomcat-7.0.56/webapps/icecream
Mar 08, 2016 10:27:13 PM org.apache.catalina.startup.HostConfig deployDirectory
INFO: Deployment of web application directory /root/apache-tomcat-7.0.56/webapps/icecream has finished in 602 ms
Mar 08, 2016 10:27:13 PM org.apache.catalina.startup.HostConfig deployDirectory
INFO: Deploying web application directory /root/apache-tomcat-7.0.56/webapps/host-manager
Mar 08, 2016 10:27:13 PM org.apache.catalina.startup.HostConfig deployDirectory
INFO: Deployment of web application directory /root/apache-tomcat-7.0.56/webapps/host-manager has finished in 82 ms
Mar 08, 2016 10:27:13 PM org.apache.catalina.startup.HostConfig deployDirectory
INFO: Deploying web application directory /root/apache-tomcat-7.0.56/webapps/jwl
Mar 08, 2016 10:27:14 PM org.apache.catalina.startup.HostConfig deployDirectory
INFO: Deployment of web application directory /root/apache-tomcat-7.0.56/webapps/jwl has finished in 533 ms
Mar 08, 2016 10:27:14 PM org.apache.catalina.startup.HostConfig deployDirectory
INFO: Deploying web application directory /root/apache-tomcat-7.0.56/webapps/docs
Mar 08, 2016 10:27:14 PM org.apache.catalina.startup.HostConfig deployDirectory
INFO: Deployment of web application directory /root/apache-tomcat-7.0.56/webapps/docs has finished in 52 ms
Mar 08, 2016 10:27:14 PM org.apache.catalina.startup.HostConfig deployDirectory
INFO: Deploying web application directory /root/apache-tomcat-7.0.56/webapps/insurance
Mar 08, 2016 10:27:14 PM org.apache.catalina.startup.HostConfig deployDirectory
INFO: Deployment of web application directory /root/apache-tomcat-7.0.56/webapps/insurance has finished in 487 ms
Mar 08, 2016 10:27:14 PM org.apache.catalina.startup.HostConfig deployDirectory
INFO: Deploying web application directory /root/apache-tomcat-7.0.56/webapps/ty1
Mar 08, 2016 10:27:15 PM org.apache.catalina.startup.HostConfig deployDirectory
INFO: Deployment of web application directory /root/apache-tomcat-7.0.56/webapps/ty1 has finished in 737 ms
Mar 08, 2016 10:27:15 PM org.apache.catalina.startup.HostConfig deployDirectory
INFO: Deploying web application directory /root/apache-tomcat-7.0.56/webapps/virtual
Mar 08, 2016 10:27:16 PM org.apache.catalina.startup.HostConfig deployDirectory
INFO: Deployment of web application directory /root/apache-tomcat-7.0.56/webapps/virtual has finished in 648 ms
Mar 08, 2016 10:27:16 PM org.apache.catalina.startup.HostConfig deployDirectory
INFO: Deploying web application directory /root/apache-tomcat-7.0.56/webapps/school
Mar 08, 2016 10:27:16 PM org.apache.catalina.startup.HostConfig deployDirectory
INFO: Deployment of web application directory /root/apache-tomcat-7.0.56/webapps/school has finished in 342 ms
Mar 08, 2016 10:27:16 PM org.apache.catalina.startup.HostConfig deployDirectory
INFO: Deploying web application directory /root/apache-tomcat-7.0.56/webapps/cab
Mar 08, 2016 10:27:16 PM org.apache.catalina.startup.HostConfig deployDirectory
INFO: Deployment of web application directory /root/apache-tomcat-7.0.56/webapps/cab has finished in 517 ms
Mar 08, 2016 10:27:16 PM org.apache.catalina.startup.HostConfig deployDirectory
INFO: Deploying web application directory /root/apache-tomcat-7.0.56/webapps/kids1
Mar 08, 2016 10:27:17 PM org.apache.catalina.startup.HostConfig deployDirectory
INFO: Deployment of web application directory /root/apache-tomcat-7.0.56/webapps/kids1 has finished in 385 ms
Mar 08, 2016 10:27:17 PM org.apache.catalina.startup.HostConfig deployDirectory
INFO: Deploying web application directory /root/apache-tomcat-7.0.56/webapps/angel
Mar 08, 2016 10:27:17 PM org.apache.catalina.startup.HostConfig deployDirectory
INFO: Deployment of web application directory /root/apache-tomcat-7.0.56/webapps/angel has finished in 445 ms
Mar 08, 2016 10:27:17 PM org.apache.catalina.startup.HostConfig deployDirectory
INFO: Deploying web application directory /root/apache-tomcat-7.0.56/webapps/jewellery
Mar 08, 2016 10:27:17 PM org.apache.catalina.loader.WebappClassLoader validateJarFile
INFO: validateJarFile(/root/apache-tomcat-7.0.56/webapps/jewellery/WEB-INF/lib/servlet-api-2.5-6.1.5.jar) - jar not loaded. See Servlet Spec 3.0, section 10.7.2. Offending class: javax/servlet/Servlet.class
Mar 08, 2016 10:27:18 PM org.apache.catalina.startup.TaglibUriRule body
INFO: TLD skipped. URI: /SimpleTagLibrary is already defined
Mar 08, 2016 10:27:18 PM org.apache.catalina.startup.TaglibUriRule body
INFO: TLD skipped. URI: http://tomcat.apache.org/example-taglib is already defined
Mar 08, 2016 10:27:18 PM org.apache.catalina.startup.HostConfig deployDirectory
INFO: Deployment of web application directory /root/apache-tomcat-7.0.56/webapps/jewellery has finished in 751 ms
Mar 08, 2016 10:27:18 PM org.apache.catalina.startup.HostConfig deployDirectory
INFO: Deploying web application directory /root/apache-tomcat-7.0.56/webapps/train
Mar 08, 2016 10:27:18 PM org.apache.catalina.startup.HostConfig deployDirectory
INFO: Deployment of web application directory /root/apache-tomcat-7.0.56/webapps/train has finished in 486 ms
Mar 08, 2016 10:27:18 PM org.apache.catalina.startup.HostConfig deployDirectory
INFO: Deploying web application directory /root/apache-tomcat-7.0.56/webapps/event
Mar 08, 2016 10:27:19 PM org.apache.catalina.startup.HostConfig deployDirectory
INFO: Deployment of web application directory /root/apache-tomcat-7.0.56/webapps/event has finished in 724 ms
Mar 08, 2016 10:27:19 PM org.apache.catalina.startup.HostConfig deployDirectory
INFO: Deploying web application directory /root/apache-tomcat-7.0.56/webapps/pizza
Mar 08, 2016 10:27:20 PM org.apache.catalina.startup.HostConfig deployDirectory
INFO: Deployment of web application directory /root/apache-tomcat-7.0.56/webapps/pizza has finished in 601 ms
Mar 08, 2016 10:27:20 PM org.apache.catalina.startup.HostConfig deployDirectory
INFO: Deploying web application directory /root/apache-tomcat-7.0.56/webapps/gk
Mar 08, 2016 10:27:20 PM org.apache.catalina.startup.HostConfig deployDirectory
INFO: Deployment of web application directory /root/apache-tomcat-7.0.56/webapps/gk has finished in 528 ms
Mar 08, 2016 10:27:20 PM org.apache.catalina.startup.HostConfig deployDirectory
INFO: Deploying web application directory /root/apache-tomcat-7.0.56/webapps/flight
Mar 08, 2016 10:27:21 PM org.apache.catalina.startup.HostConfig deployDirectory
INFO: Deployment of web application directory /root/apache-tomcat-7.0.56/webapps/flight has finished in 591 ms
Mar 08, 2016 10:28:01 PM org.apache.catalina.startup.HostConfig undeploy
INFO: Undeploying context [/artschool]
Mar 08, 2016 10:28:02 PM org.apache.catalina.startup.HostConfig undeploy
INFO: Undeploying context [/job1]
Mar 08, 2016 10:28:03 PM org.apache.catalina.startup.HostConfig undeploy
INFO: Undeploying context [/food]
Mar 08, 2016 10:28:03 PM org.apache.catalina.startup.HostConfig undeploy
INFO: Undeploying context [/health]
Mar 08, 2016 10:28:04 PM org.apache.catalina.startup.HostConfig undeploy
INFO: Undeploying context [/tyjsp]
Mar 08, 2016 10:28:04 PM org.apache.catalina.startup.HostConfig undeploy
INFO: Undeploying context [/ty2]
Mar 08, 2016 10:28:05 PM org.apache.catalina.startup.HostConfig undeploy
INFO: Undeploying context [/bus]
Mar 08, 2016 10:28:05 PM org.apache.catalina.startup.HostConfig undeploy
INFO: Undeploying context [/insurance]
Mar 08, 2016 10:28:06 PM org.apache.catalina.startup.HostConfig undeploy
INFO: Undeploying context [/service]
Mar 08, 2016 10:28:06 PM org.apache.catalina.startup.HostConfig undeploy
INFO: Undeploying context [/payroll]
Mar 08, 2016 10:28:07 PM org.apache.catalina.startup.HostConfig undeploy
INFO: Undeploying context [/job]
Mar 08, 2016 10:28:07 PM org.apache.catalina.startup.HostConfig reload
INFO: Reloading context [/school]
Mar 08, 2016 10:28:07 PM org.apache.catalina.core.StandardContext reload
INFO: Reloading Context with name [/school] has started
Mar 08, 2016 10:28:07 PM org.apache.catalina.core.StandardContext reload
SEVERE: Exception stopping Context with name [/school]
org.apache.catalina.LifecycleException: Failed to stop component [StandardEngine[Catalina].StandardHost[localhost].StandardContext[/school]]
	at org.apache.catalina.util.LifecycleBase.stop(LifecycleBase.java:236)
	at org.apache.catalina.core.StandardContext.reload(StandardContext.java:4002)
	at org.apache.catalina.startup.HostConfig.reload(HostConfig.java:1481)
	at org.apache.catalina.startup.HostConfig.checkResources(HostConfig.java:1464)
	at org.apache.catalina.startup.HostConfig.check(HostConfig.java:1648)
	at org.apache.catalina.startup.HostConfig.lifecycleEvent(HostConfig.java:328)
	at org.apache.catalina.util.LifecycleSupport.fireLifecycleEvent(LifecycleSupport.java:117)
	at org.apache.catalina.util.LifecycleBase.fireLifecycleEvent(LifecycleBase.java:90)
	at org.apache.catalina.core.ContainerBase.backgroundProcess(ContainerBase.java:1374)
	at org.apache.catalina.core.ContainerBase$ContainerBackgroundProcessor.processChildren(ContainerBase.java:1546)
	at org.apache.catalina.core.ContainerBase$ContainerBackgroundProcessor.processChildren(ContainerBase.java:1556)
	at org.apache.catalina.core.ContainerBase$ContainerBackgroundProcessor.run(ContainerBase.java:1524)
	at java.lang.Thread.run(Thread.java:722)
Caused by: org.apache.catalina.LifecycleException: Failed to stop component [WebappLoader[/school]]
	at org.apache.catalina.util.LifecycleBase.stop(LifecycleBase.java:236)
	at org.apache.catalina.core.StandardContext.stopInternal(StandardContext.java:5730)
	at org.apache.catalina.util.LifecycleBase.stop(LifecycleBase.java:232)
	... 12 more
Caused by: java.lang.NullPointerException
	at org.apache.catalina.loader.WebappClassLoader.findResourceInternal(WebappClassLoader.java:3119)
	at org.apache.catalina.loader.WebappClassLoader.findResource(WebappClassLoader.java:1294)
	at org.apache.catalina.loader.WebappClassLoader.getResourceAsStream(WebappClassLoader.java:1522)
	at org.apache.catalina.loader.WebappClassLoader.clearReferencesJdbc(WebappClassLoader.java:2064)
	at org.apache.catalina.loader.WebappClassLoader.clearReferences(WebappClassLoader.java:2007)
	at org.apache.catalina.loader.WebappClassLoader.stop(WebappClassLoader.java:1908)
	at org.apache.catalina.loader.WebappLoader.stopInternal(WebappLoader.java:661)
	at org.apache.catalina.util.LifecycleBase.stop(LifecycleBase.java:232)
	... 14 more

Mar 08, 2016 10:28:07 PM org.apache.catalina.util.LifecycleBase stop
INFO: The stop() method was called on component [org.apache.catalina.deploy.NamingResources@60d3fbf0] after stop() had already been called. The second call will be ignored.
Mar 08, 2016 10:28:07 PM org.apache.catalina.core.StandardContext reload
SEVERE: Exception starting Context with name [/school]
org.apache.catalina.LifecycleException: Failed to stop component [StandardEngine[Catalina].StandardHost[localhost].StandardContext[/school]]
	at org.apache.catalina.util.LifecycleBase.stop(LifecycleBase.java:236)
	at org.apache.catalina.util.LifecycleBase.start(LifecycleBase.java:141)
	at org.apache.catalina.core.StandardContext.reload(StandardContext.java:4009)
	at org.apache.catalina.startup.HostConfig.reload(HostConfig.java:1481)
	at org.apache.catalina.startup.HostConfig.checkResources(HostConfig.java:1464)
	at org.apache.catalina.startup.HostConfig.check(HostConfig.java:1648)
	at org.apache.catalina.startup.HostConfig.lifecycleEvent(HostConfig.java:328)
	at org.apache.catalina.util.LifecycleSupport.fireLifecycleEvent(LifecycleSupport.java:117)
	at org.apache.catalina.util.LifecycleBase.fireLifecycleEvent(LifecycleBase.java:90)
	at org.apache.catalina.core.ContainerBase.backgroundProcess(ContainerBase.java:1374)
	at org.apache.catalina.core.ContainerBase$ContainerBackgroundProcessor.processChildren(ContainerBase.java:1546)
	at org.apache.catalina.core.ContainerBase$ContainerBackgroundProcessor.processChildren(ContainerBase.java:1556)
	at org.apache.catalina.core.ContainerBase$ContainerBackgroundProcessor.run(ContainerBase.java:1524)
	at java.lang.Thread.run(Thread.java:722)
Caused by: org.apache.catalina.LifecycleException: Failed to stop component [WebappLoader[/school]]
	at org.apache.catalina.util.LifecycleBase.stop(LifecycleBase.java:236)
	at org.apache.catalina.core.StandardContext.stopInternal(StandardContext.java:5730)
	at org.apache.catalina.util.LifecycleBase.stop(LifecycleBase.java:232)
	... 13 more
Caused by: java.lang.NullPointerException
	at org.apache.catalina.loader.WebappClassLoader.findResourceInternal(WebappClassLoader.java:3119)
	at org.apache.catalina.loader.WebappClassLoader.findResource(WebappClassLoader.java:1294)
	at org.apache.catalina.loader.WebappClassLoader.getResourceAsStream(WebappClassLoader.java:1522)
	at org.apache.catalina.loader.WebappClassLoader.clearReferencesJdbc(WebappClassLoader.java:2064)
	at org.apache.catalina.loader.WebappClassLoader.clearReferences(WebappClassLoader.java:2007)
	at org.apache.catalina.loader.WebappClassLoader.stop(WebappClassLoader.java:1908)
	at org.apache.catalina.loader.WebappLoader.stopInternal(WebappLoader.java:661)
	at org.apache.catalina.util.LifecycleBase.stop(LifecycleBase.java:232)
	... 15 more

Mar 08, 2016 10:28:07 PM org.apache.catalina.core.StandardContext reload
INFO: Reloading Context with name [/school] is completed
Mar 08, 2016 10:28:07 PM org.apache.catalina.startup.HostConfig undeploy
INFO: Undeploying context [/gift]
Mar 08, 2016 10:28:08 PM org.apache.catalina.startup.HostConfig undeploy
INFO: Undeploying context [/event]
Mar 08, 2016 10:28:08 PM org.apache.catalina.session.StandardManager doUnload
SEVERE: IOException while saving persisted sessions: java.io.FileNotFoundException: /root/apache-tomcat-7.0.56/work/Catalina/localhost/event/SESSIONS.ser (No such file or directory)
java.io.FileNotFoundException: /root/apache-tomcat-7.0.56/work/Catalina/localhost/event/SESSIONS.ser (No such file or directory)
	at java.io.FileOutputStream.open(Native Method)
	at java.io.FileOutputStream.<init>(FileOutputStream.java:212)
	at java.io.FileOutputStream.<init>(FileOutputStream.java:104)
	at org.apache.catalina.session.StandardManager.doUnload(StandardManager.java:384)
	at org.apache.catalina.session.StandardManager.unload(StandardManager.java:351)
	at org.apache.catalina.session.StandardManager.stopInternal(StandardManager.java:516)
	at org.apache.catalina.util.LifecycleBase.stop(LifecycleBase.java:232)
	at org.apache.catalina.core.StandardContext.stopInternal(StandardContext.java:5683)
	at org.apache.catalina.util.LifecycleBase.stop(LifecycleBase.java:232)
	at org.apache.catalina.core.ContainerBase.removeChild(ContainerBase.java:1028)
	at org.apache.catalina.startup.HostConfig.undeploy(HostConfig.java:1500)
	at org.apache.catalina.startup.HostConfig.checkResources(HostConfig.java:1448)
	at org.apache.catalina.startup.HostConfig.check(HostConfig.java:1648)
	at org.apache.catalina.startup.HostConfig.lifecycleEvent(HostConfig.java:328)
	at org.apache.catalina.util.LifecycleSupport.fireLifecycleEvent(LifecycleSupport.java:117)
	at org.apache.catalina.util.LifecycleBase.fireLifecycleEvent(LifecycleBase.java:90)
	at org.apache.catalina.core.ContainerBase.backgroundProcess(ContainerBase.java:1374)
	at org.apache.catalina.core.ContainerBase$ContainerBackgroundProcessor.processChildren(ContainerBase.java:1546)
	at org.apache.catalina.core.ContainerBase$ContainerBackgroundProcessor.processChildren(ContainerBase.java:1556)
	at org.apache.catalina.core.ContainerBase$ContainerBackgroundProcessor.run(ContainerBase.java:1524)
	at java.lang.Thread.run(Thread.java:722)

Mar 08, 2016 10:28:08 PM org.apache.catalina.session.StandardManager stopInternal
SEVERE: Exception unloading sessions to persistent storage
java.io.FileNotFoundException: /root/apache-tomcat-7.0.56/work/Catalina/localhost/event/SESSIONS.ser (No such file or directory)
	at java.io.FileOutputStream.open(Native Method)
	at java.io.FileOutputStream.<init>(FileOutputStream.java:212)
	at java.io.FileOutputStream.<init>(FileOutputStream.java:104)
	at org.apache.catalina.session.StandardManager.doUnload(StandardManager.java:384)
	at org.apache.catalina.session.StandardManager.unload(StandardManager.java:351)
	at org.apache.catalina.session.StandardManager.stopInternal(StandardManager.java:516)
	at org.apache.catalina.util.LifecycleBase.stop(LifecycleBase.java:232)
	at org.apache.catalina.core.StandardContext.stopInternal(StandardContext.java:5683)
	at org.apache.catalina.util.LifecycleBase.stop(LifecycleBase.java:232)
	at org.apache.catalina.core.ContainerBase.removeChild(ContainerBase.java:1028)
	at org.apache.catalina.startup.HostConfig.undeploy(HostConfig.java:1500)
	at org.apache.catalina.startup.HostConfig.checkResources(HostConfig.java:1448)
	at org.apache.catalina.startup.HostConfig.check(HostConfig.java:1648)
	at org.apache.catalina.startup.HostConfig.lifecycleEvent(HostConfig.java:328)
	at org.apache.catalina.util.LifecycleSupport.fireLifecycleEvent(LifecycleSupport.java:117)
	at org.apache.catalina.util.LifecycleBase.fireLifecycleEvent(LifecycleBase.java:90)
	at org.apache.catalina.core.ContainerBase.backgroundProcess(ContainerBase.java:1374)
	at org.apache.catalina.core.ContainerBase$ContainerBackgroundProcessor.processChildren(ContainerBase.java:1546)
	at org.apache.catalina.core.ContainerBase$ContainerBackgroundProcessor.processChildren(ContainerBase.java:1556)
	at org.apache.catalina.core.ContainerBase$ContainerBackgroundProcessor.run(ContainerBase.java:1524)
	at java.lang.Thread.run(Thread.java:722)

Mar 08, 2016 10:28:08 PM org.apache.catalina.startup.HostConfig undeploy
INFO: Undeploying context [/cab]
Mar 08, 2016 10:28:09 PM org.apache.catalina.startup.HostConfig undeploy
INFO: Undeploying context [/vote]
Mar 08, 2016 10:28:09 PM org.apache.catalina.startup.HostConfig undeploy
INFO: Undeploying context [/prog1]
Mar 08, 2016 10:28:10 PM org.apache.catalina.startup.HostConfig undeploy
INFO: Undeploying context [/notice]
Mar 08, 2016 10:28:10 PM org.apache.catalina.startup.HostConfig undeploy
INFO: Undeploying context [/society]
Mar 08, 2016 10:28:11 PM org.apache.catalina.startup.HostConfig undeploy
INFO: Undeploying context [/angel]
Mar 08, 2016 10:28:11 PM org.apache.catalina.startup.HostConfig undeploy
INFO: Undeploying context [/bookshop]
Mar 08, 2016 10:28:12 PM org.apache.catalina.startup.HostConfig undeploy
INFO: Undeploying context [/callcenter]
Mar 08, 2016 10:28:12 PM org.apache.catalina.startup.HostConfig undeploy
INFO: Undeploying context [/food1]
Mar 08, 2016 10:28:13 PM org.apache.catalina.startup.HostConfig undeploy
INFO: Undeploying context [/e-keyboard]
Mar 08, 2016 10:28:13 PM org.apache.catalina.startup.HostConfig undeploy
INFO: Undeploying context [/tnt]
Mar 08, 2016 10:28:14 PM org.apache.catalina.startup.HostConfig undeploy
INFO: Undeploying context [/study]
Mar 08, 2016 10:28:14 PM org.apache.catalina.startup.HostConfig undeploy
INFO: Undeploying context [/train]
Mar 08, 2016 10:28:15 PM org.apache.catalina.startup.HostConfig undeploy
INFO: Undeploying context [/ty1jsp]
Mar 08, 2016 10:28:15 PM org.apache.catalina.startup.HostConfig undeploy
INFO: Undeploying context [/ecards]
Mar 08, 2016 10:28:16 PM org.apache.catalina.startup.HostConfig undeploy
INFO: Undeploying context [/jewellery]
Mar 08, 2016 10:28:16 PM org.apache.catalina.startup.HostConfig undeploy
INFO: Undeploying context [/exam]
Mar 08, 2016 10:28:17 PM org.apache.catalina.startup.HostConfig undeploy
INFO: Undeploying context [/blood1]
Mar 08, 2016 10:28:17 PM org.apache.catalina.startup.HostConfig undeploy
INFO: Undeploying context [/jwl]
Mar 08, 2016 10:28:18 PM org.apache.catalina.startup.HostConfig undeploy
INFO: Undeploying context [/ty1]
Mar 08, 2016 10:28:18 PM org.apache.catalina.startup.HostConfig undeploy
INFO: Undeploying context [/walkin]
Mar 08, 2016 10:28:19 PM org.apache.catalina.startup.HostConfig undeploy
INFO: Undeploying context [/seasonal]
Mar 08, 2016 10:28:19 PM org.apache.catalina.session.StandardManager doUnload
SEVERE: IOException while saving persisted sessions: java.io.FileNotFoundException: /root/apache-tomcat-7.0.56/work/Catalina/localhost/seasonal/SESSIONS.ser (No such file or directory)
java.io.FileNotFoundException: /root/apache-tomcat-7.0.56/work/Catalina/localhost/seasonal/SESSIONS.ser (No such file or directory)
	at java.io.FileOutputStream.open(Native Method)
	at java.io.FileOutputStream.<init>(FileOutputStream.java:212)
	at java.io.FileOutputStream.<init>(FileOutputStream.java:104)
	at org.apache.catalina.session.StandardManager.doUnload(StandardManager.java:384)
	at org.apache.catalina.session.StandardManager.unload(StandardManager.java:351)
	at org.apache.catalina.session.StandardManager.stopInternal(StandardManager.java:516)
	at org.apache.catalina.util.LifecycleBase.stop(LifecycleBase.java:232)
	at org.apache.catalina.core.StandardContext.stopInternal(StandardContext.java:5683)
	at org.apache.catalina.util.LifecycleBase.stop(LifecycleBase.java:232)
	at org.apache.catalina.core.ContainerBase.removeChild(ContainerBase.java:1028)
	at org.apache.catalina.startup.HostConfig.undeploy(HostConfig.java:1500)
	at org.apache.catalina.startup.HostConfig.checkResources(HostConfig.java:1448)
	at org.apache.catalina.startup.HostConfig.check(HostConfig.java:1648)
	at org.apache.catalina.startup.HostConfig.lifecycleEvent(HostConfig.java:328)
	at org.apache.catalina.util.LifecycleSupport.fireLifecycleEvent(LifecycleSupport.java:117)
	at org.apache.catalina.util.LifecycleBase.fireLifecycleEvent(LifecycleBase.java:90)
	at org.apache.catalina.core.ContainerBase.backgroundProcess(ContainerBase.java:1374)
	at org.apache.catalina.core.ContainerBase$ContainerBackgroundProcessor.processChildren(ContainerBase.java:1546)
	at org.apache.catalina.core.ContainerBase$ContainerBackgroundProcessor.processChildren(ContainerBase.java:1556)
	at org.apache.catalina.core.ContainerBase$ContainerBackgroundProcessor.run(ContainerBase.java:1524)
	at java.lang.Thread.run(Thread.java:722)

Mar 08, 2016 10:28:19 PM org.apache.catalina.session.StandardManager stopInternal
SEVERE: Exception unloading sessions to persistent storage
java.io.FileNotFoundException: /root/apache-tomcat-7.0.56/work/Catalina/localhost/seasonal/SESSIONS.ser (No such file or directory)
	at java.io.FileOutputStream.open(Native Method)
	at java.io.FileOutputStream.<init>(FileOutputStream.java:212)
	at java.io.FileOutputStream.<init>(FileOutputStream.java:104)
	at org.apache.catalina.session.StandardManager.doUnload(StandardManager.java:384)
	at org.apache.catalina.session.StandardManager.unload(StandardManager.java:351)
	at org.apache.catalina.session.StandardManager.stopInternal(StandardManager.java:516)
	at org.apache.catalina.util.LifecycleBase.stop(LifecycleBase.java:232)
	at org.apache.catalina.core.StandardContext.stopInternal(StandardContext.java:5683)
	at org.apache.catalina.util.LifecycleBase.stop(LifecycleBase.java:232)
	at org.apache.catalina.core.ContainerBase.removeChild(ContainerBase.java:1028)
	at org.apache.catalina.startup.HostConfig.undeploy(HostConfig.java:1500)
	at org.apache.catalina.startup.HostConfig.checkResources(HostConfig.java:1448)
	at org.apache.catalina.startup.HostConfig.check(HostConfig.java:1648)
	at org.apache.catalina.startup.HostConfig.lifecycleEvent(HostConfig.java:328)
	at org.apache.catalina.util.LifecycleSupport.fireLifecycleEvent(LifecycleSupport.java:117)
	at org.apache.catalina.util.LifecycleBase.fireLifecycleEvent(LifecycleBase.java:90)
	at org.apache.catalina.core.ContainerBase.backgroundProcess(ContainerBase.java:1374)
	at org.apache.catalina.core.ContainerBase$ContainerBackgroundProcessor.processChildren(ContainerBase.java:1546)
	at org.apache.catalina.core.ContainerBase$ContainerBackgroundProcessor.processChildren(ContainerBase.java:1556)
	at org.apache.catalina.core.ContainerBase$ContainerBackgroundProcessor.run(ContainerBase.java:1524)
	at java.lang.Thread.run(Thread.java:722)

Mar 08, 2016 10:28:20 PM org.apache.catalina.startup.HostConfig undeploy
INFO: Undeploying context [/gk]
Mar 08, 2016 10:28:20 PM org.apache.catalina.startup.HostConfig undeploy
INFO: Undeploying context [/walk]
Mar 08, 2016 10:28:21 PM org.apache.catalina.startup.HostConfig undeploy
INFO: Undeploying context [/akshay]
Mar 08, 2016 10:28:21 PM org.apache.catalina.startup.HostConfig undeploy
INFO: Undeploying context [/kids1]
Mar 08, 2016 10:28:22 PM org.apache.catalina.startup.HostConfig undeploy
INFO: Undeploying context [/flight]
Mar 08, 2016 10:28:22 PM org.apache.catalina.startup.HostConfig undeploy
INFO: Undeploying context [/pizza]
Mar 08, 2016 10:28:23 PM org.apache.catalina.startup.HostConfig undeploy
INFO: Undeploying context [/icecream]
Mar 08, 2016 10:28:23 PM org.apache.catalina.startup.HostConfig undeploy
INFO: Undeploying context [/tours]
Mar 08, 2016 10:28:24 PM org.apache.catalina.startup.HostConfig undeploy
INFO: Undeploying context [/travels]
Mar 08, 2016 10:28:24 PM org.apache.catalina.startup.HostConfig undeploy
INFO: Undeploying context [/attendance]
Mar 08, 2016 10:28:25 PM org.apache.catalina.startup.HostConfig undeploy
INFO: Undeploying context [/furniture]
Mar 08, 2016 10:28:25 PM org.apache.catalina.startup.HostConfig undeploy
INFO: Undeploying context [/alumni]
Mar 08, 2016 10:28:26 PM org.apache.catalina.startup.HostConfig undeploy
INFO: Undeploying context [/deepesh]
Mar 08, 2016 10:28:26 PM org.apache.catalina.startup.HostConfig undeploy
INFO: Undeploying context [/hosp]
Mar 08, 2016 10:28:27 PM org.apache.catalina.startup.HostConfig undeploy
INFO: Undeploying context [/kids]
Mar 08, 2016 10:28:27 PM org.apache.catalina.startup.HostConfig undeploy
INFO: Undeploying context [/sugar]
Mar 08, 2016 10:28:28 PM org.apache.catalina.startup.HostConfig undeploy
INFO: Undeploying context [/prog]
Mar 08, 2016 10:28:28 PM org.apache.catalina.startup.HostConfig undeploy
INFO: Undeploying context [/bug]
Mar 08, 2016 10:28:29 PM org.apache.catalina.startup.HostConfig undeploy
INFO: Undeploying context [/hotel]
Mar 08, 2016 10:28:29 PM org.apache.catalina.startup.HostConfig undeploy
INFO: Undeploying context [/virtual]
Mar 08, 2016 10:28:29 PM org.apache.catalina.startup.HostConfig deployDirectory
INFO: Deploying web application directory /root/apache-tomcat-7.0.56/webapps/ty
Mar 08, 2016 10:28:30 PM org.apache.catalina.startup.HostConfig deployDirectory
INFO: Deployment of web application directory /root/apache-tomcat-7.0.56/webapps/ty has finished in 401 ms
Mar 08, 2016 10:28:30 PM org.apache.catalina.startup.HostConfig deployDirectory
INFO: Deploying web application directory /root/apache-tomcat-7.0.56/webapps/blood_bank
Mar 08, 2016 10:28:30 PM org.apache.catalina.startup.HostConfig deployDirectory
INFO: Deployment of web application directory /root/apache-tomcat-7.0.56/webapps/blood_bank has finished in 195 ms
Mar 08, 2016 10:28:30 PM org.apache.catalina.startup.HostConfig deployDirectory
INFO: Deploying web application directory /root/apache-tomcat-7.0.56/webapps/canteen
Mar 08, 2016 10:28:30 PM org.apache.catalina.startup.HostConfig deployDirectory
INFO: Deployment of web application directory /root/apache-tomcat-7.0.56/webapps/canteen has finished in 276 ms
Mar 08, 2016 10:28:30 PM org.apache.catalina.startup.HostConfig deployDirectory
INFO: Deploying web application directory /root/apache-tomcat-7.0.56/webapps/shop
Mar 08, 2016 10:28:30 PM org.apache.catalina.startup.HostConfig deployDirectory
INFO: Deployment of web application directory /root/apache-tomcat-7.0.56/webapps/shop has finished in 294 ms
Mar 08, 2016 10:43:51 PM org.apache.catalina.startup.HostConfig reload
INFO: Reloading context [/ty]
Mar 08, 2016 10:43:51 PM org.apache.catalina.core.StandardContext reload
INFO: Reloading Context with name [/ty] has started
Mar 08, 2016 10:43:51 PM org.apache.catalina.core.StandardContext reload
INFO: Reloading Context with name [/ty] is completed
Mar 08, 2016 10:44:31 PM org.apache.catalina.startup.HostConfig reload
INFO: Reloading context [/ty]
Mar 08, 2016 10:44:31 PM org.apache.catalina.core.StandardContext reload
INFO: Reloading Context with name [/ty] has started
Mar 08, 2016 10:44:31 PM org.apache.catalina.loader.WebappClassLoader clearReferencesJdbc
SEVERE: The web application [/ty] registered the JDBC driver [org.postgresql.Driver] but failed to unregister it when the web application was stopped. To prevent a memory leak, the JDBC Driver has been forcibly unregistered.
Mar 08, 2016 10:44:31 PM org.apache.catalina.core.StandardContext reload
INFO: Reloading Context with name [/ty] is completed
Mar 08, 2016 10:45:28 PM org.apache.catalina.core.StandardServer await
INFO: A valid shutdown command was received via the shutdown port. Stopping the Server instance.
Mar 08, 2016 10:45:28 PM org.apache.coyote.AbstractProtocol pause
INFO: Pausing ProtocolHandler ["http-bio-8080"]
Mar 08, 2016 10:45:28 PM org.apache.coyote.AbstractProtocol pause
INFO: Pausing ProtocolHandler ["ajp-bio-8009"]
Mar 08, 2016 10:45:28 PM org.apache.catalina.core.StandardService stopInternal
INFO: Stopping service Catalina
Mar 08, 2016 10:45:28 PM org.apache.catalina.core.ContainerBase stopInternal
SEVERE: A child container failed during stop
java.util.concurrent.ExecutionException: org.apache.catalina.LifecycleException: Failed to stop component [StandardEngine[Catalina].StandardHost[localhost].StandardContext[/lib]]
	at java.util.concurrent.FutureTask$Sync.innerGet(FutureTask.java:252)
	at java.util.concurrent.FutureTask.get(FutureTask.java:111)
	at org.apache.catalina.core.ContainerBase.stopInternal(ContainerBase.java:1179)
	at org.apache.catalina.util.LifecycleBase.stop(LifecycleBase.java:232)
	at org.apache.catalina.core.ContainerBase$StopChild.call(ContainerBase.java:1591)
	at org.apache.catalina.core.ContainerBase$StopChild.call(ContainerBase.java:1580)
	at java.util.concurrent.FutureTask$Sync.innerRun(FutureTask.java:334)
	at java.util.concurrent.FutureTask.run(FutureTask.java:166)
	at java.util.concurrent.ThreadPoolExecutor.runWorker(ThreadPoolExecutor.java:1110)
	at java.util.concurrent.ThreadPoolExecutor$Worker.run(ThreadPoolExecutor.java:603)
	at java.lang.Thread.run(Thread.java:722)
Caused by: org.apache.catalina.LifecycleException: Failed to stop component [StandardEngine[Catalina].StandardHost[localhost].StandardContext[/lib]]
	at org.apache.catalina.util.LifecycleBase.stop(LifecycleBase.java:236)
	... 7 more
Caused by: org.apache.catalina.LifecycleException: Failed to stop component [WebappLoader[/lib]]
	at org.apache.catalina.util.LifecycleBase.stop(LifecycleBase.java:236)
	at org.apache.catalina.core.StandardContext.stopInternal(StandardContext.java:5730)
	at org.apache.catalina.util.LifecycleBase.stop(LifecycleBase.java:232)
	... 7 more
Caused by: java.lang.NullPointerException

Mar 08, 2016 10:45:28 PM org.apache.catalina.core.ContainerBase stopInternal
SEVERE: A child container failed during stop
java.util.concurrent.ExecutionException: org.apache.catalina.LifecycleException: Failed to stop component [StandardEngine[Catalina].StandardHost[localhost].StandardContext[/blood]]
	at java.util.concurrent.FutureTask$Sync.innerGet(FutureTask.java:252)
	at java.util.concurrent.FutureTask.get(FutureTask.java:111)
	at org.apache.catalina.core.ContainerBase.stopInternal(ContainerBase.java:1179)
	at org.apache.catalina.util.LifecycleBase.stop(LifecycleBase.java:232)
	at org.apache.catalina.core.ContainerBase$StopChild.call(ContainerBase.java:1591)
	at org.apache.catalina.core.ContainerBase$StopChild.call(ContainerBase.java:1580)
	at java.util.concurrent.FutureTask$Sync.innerRun(FutureTask.java:334)
	at java.util.concurrent.FutureTask.run(FutureTask.java:166)
	at java.util.concurrent.ThreadPoolExecutor.runWorker(ThreadPoolExecutor.java:1110)
	at java.util.concurrent.ThreadPoolExecutor$Worker.run(ThreadPoolExecutor.java:603)
	at java.lang.Thread.run(Thread.java:722)
Caused by: org.apache.catalina.LifecycleException: Failed to stop component [StandardEngine[Catalina].StandardHost[localhost].StandardContext[/blood]]
	at org.apache.catalina.util.LifecycleBase.stop(LifecycleBase.java:236)
	... 7 more
Caused by: org.apache.catalina.LifecycleException: Failed to stop component [WebappLoader[/blood]]
	at org.apache.catalina.util.LifecycleBase.stop(LifecycleBase.java:236)
	at org.apache.catalina.core.StandardContext.stopInternal(StandardContext.java:5730)
	at org.apache.catalina.util.LifecycleBase.stop(LifecycleBase.java:232)
	... 7 more
Caused by: java.lang.NullPointerException

Mar 08, 2016 10:45:28 PM org.apache.catalina.core.ContainerBase stopInternal
SEVERE: A child container failed during stop
java.util.concurrent.ExecutionException: org.apache.catalina.LifecycleException: Failed to stop component [StandardEngine[Catalina].StandardHost[localhost]]
	at java.util.concurrent.FutureTask$Sync.innerGet(FutureTask.java:252)
	at java.util.concurrent.FutureTask.get(FutureTask.java:111)
	at org.apache.catalina.core.ContainerBase.stopInternal(ContainerBase.java:1179)
	at org.apache.catalina.util.LifecycleBase.stop(LifecycleBase.java:232)
	at org.apache.catalina.core.StandardService.stopInternal(StandardService.java:502)
	at org.apache.catalina.util.LifecycleBase.stop(LifecycleBase.java:232)
	at org.apache.catalina.core.StandardServer.stopInternal(StandardServer.java:760)
	at org.apache.catalina.util.LifecycleBase.stop(LifecycleBase.java:232)
	at org.apache.catalina.startup.Catalina.stop(Catalina.java:762)
	at org.apache.catalina.startup.Catalina.start(Catalina.java:724)
	at sun.reflect.NativeMethodAccessorImpl.invoke0(Native Method)
	at sun.reflect.NativeMethodAccessorImpl.invoke(NativeMethodAccessorImpl.java:57)
	at sun.reflect.DelegatingMethodAccessorImpl.invoke(DelegatingMethodAccessorImpl.java:43)
	at java.lang.reflect.Method.invoke(Method.java:601)
	at org.apache.catalina.startup.Bootstrap.start(Bootstrap.java:321)
	at org.apache.catalina.startup.Bootstrap.main(Bootstrap.java:455)
Caused by: org.apache.catalina.LifecycleException: Failed to stop component [StandardEngine[Catalina].StandardHost[localhost]]
	at org.apache.catalina.util.LifecycleBase.stop(LifecycleBase.java:236)
	at org.apache.catalina.core.ContainerBase$StopChild.call(ContainerBase.java:1591)
	at org.apache.catalina.core.ContainerBase$StopChild.call(ContainerBase.java:1580)
	at java.util.concurrent.FutureTask$Sync.innerRun(FutureTask.java:334)
	at java.util.concurrent.FutureTask.run(FutureTask.java:166)
	at java.util.concurrent.ThreadPoolExecutor.runWorker(ThreadPoolExecutor.java:1110)
	at java.util.concurrent.ThreadPoolExecutor$Worker.run(ThreadPoolExecutor.java:603)
	at java.lang.Thread.run(Thread.java:722)
Caused by: org.apache.catalina.LifecycleException: A child container failed during stop
	at org.apache.catalina.core.ContainerBase.stopInternal(ContainerBase.java:1186)
	at org.apache.catalina.util.LifecycleBase.stop(LifecycleBase.java:232)
	... 7 more

Mar 08, 2016 10:45:28 PM org.apache.catalina.startup.Catalina stop
SEVERE: Catalina.stop
org.apache.catalina.LifecycleException: Failed to stop component [StandardServer[8005]]
	at org.apache.catalina.util.LifecycleBase.stop(LifecycleBase.java:236)
	at org.apache.catalina.startup.Catalina.stop(Catalina.java:762)
	at org.apache.catalina.startup.Catalina.start(Catalina.java:724)
	at sun.reflect.NativeMethodAccessorImpl.invoke0(Native Method)
	at sun.reflect.NativeMethodAccessorImpl.invoke(NativeMethodAccessorImpl.java:57)
	at sun.reflect.DelegatingMethodAccessorImpl.invoke(DelegatingMethodAccessorImpl.java:43)
	at java.lang.reflect.Method.invoke(Method.java:601)
	at org.apache.catalina.startup.Bootstrap.start(Bootstrap.java:321)
	at org.apache.catalina.startup.Bootstrap.main(Bootstrap.java:455)
Caused by: org.apache.catalina.LifecycleException: Failed to stop component [StandardService[Catalina]]
	at org.apache.catalina.util.LifecycleBase.stop(LifecycleBase.java:236)
	at org.apache.catalina.core.StandardServer.stopInternal(StandardServer.java:760)
	at org.apache.catalina.util.LifecycleBase.stop(LifecycleBase.java:232)
	... 8 more
Caused by: org.apache.catalina.LifecycleException: Failed to stop component [StandardEngine[Catalina]]
	at org.apache.catalina.util.LifecycleBase.stop(LifecycleBase.java:236)
	at org.apache.catalina.core.StandardService.stopInternal(StandardService.java:502)
	at org.apache.catalina.util.LifecycleBase.stop(LifecycleBase.java:232)
	... 10 more
Caused by: org.apache.catalina.LifecycleException: A child container failed during stop
	at org.apache.catalina.core.ContainerBase.stopInternal(ContainerBase.java:1186)
	at org.apache.catalina.util.LifecycleBase.stop(LifecycleBase.java:232)
	... 12 more

Mar 10, 2016 6:58:54 PM org.apache.catalina.core.AprLifecycleListener init
INFO: The APR based Apache Tomcat Native library which allows optimal performance in production environments was not found on the java.library.path: /usr/java/packages/lib/amd64:/usr/lib64:/lib64:/lib:/usr/lib
Mar 10, 2016 6:58:55 PM org.apache.coyote.AbstractProtocol init
INFO: Initializing ProtocolHandler ["http-bio-8080"]
Mar 10, 2016 6:58:55 PM org.apache.coyote.AbstractProtocol init
INFO: Initializing ProtocolHandler ["ajp-bio-8009"]
Mar 10, 2016 6:58:55 PM org.apache.catalina.startup.Catalina load
INFO: Initialization processed in 1954 ms
Mar 10, 2016 6:58:55 PM org.apache.catalina.core.StandardService startInternal
INFO: Starting service Catalina
Mar 10, 2016 6:58:55 PM org.apache.catalina.core.StandardEngine startInternal
INFO: Starting Servlet Engine: Apache Tomcat/7.0.56
Mar 10, 2016 6:58:56 PM org.apache.catalina.startup.HostConfig deployDirectory
INFO: Deploying web application directory /root/apache-tomcat-7.0.56/webapps/ROOT
Mar 10, 2016 6:58:56 PM org.apache.catalina.startup.HostConfig deployDirectory
INFO: Deployment of web application directory /root/apache-tomcat-7.0.56/webapps/ROOT has finished in 656 ms
Mar 10, 2016 6:58:56 PM org.apache.catalina.startup.HostConfig deployDirectory
INFO: Deploying web application directory /root/apache-tomcat-7.0.56/webapps/examples
Mar 10, 2016 6:58:57 PM org.apache.catalina.startup.HostConfig deployDirectory
INFO: Deployment of web application directory /root/apache-tomcat-7.0.56/webapps/examples has finished in 465 ms
Mar 10, 2016 6:58:57 PM org.apache.catalina.startup.HostConfig deployDirectory
INFO: Deploying web application directory /root/apache-tomcat-7.0.56/webapps/manager
Mar 10, 2016 6:58:57 PM org.apache.catalina.startup.HostConfig deployDirectory
INFO: Deployment of web application directory /root/apache-tomcat-7.0.56/webapps/manager has finished in 74 ms
Mar 10, 2016 6:58:57 PM org.apache.catalina.startup.HostConfig deployDirectory
INFO: Deploying web application directory /root/apache-tomcat-7.0.56/webapps/host-manager
Mar 10, 2016 6:58:57 PM org.apache.catalina.startup.HostConfig deployDirectory
INFO: Deployment of web application directory /root/apache-tomcat-7.0.56/webapps/host-manager has finished in 62 ms
Mar 10, 2016 6:58:57 PM org.apache.catalina.startup.HostConfig deployDirectory
INFO: Deploying web application directory /root/apache-tomcat-7.0.56/webapps/docs
Mar 10, 2016 6:58:57 PM org.apache.catalina.startup.HostConfig deployDirectory
INFO: Deployment of web application directory /root/apache-tomcat-7.0.56/webapps/docs has finished in 63 ms
Mar 10, 2016 6:58:57 PM org.apache.catalina.startup.HostConfig deployDirectory
INFO: Deploying web application directory /root/apache-tomcat-7.0.56/webapps/mca
Mar 10, 2016 6:58:57 PM org.apache.catalina.startup.HostConfig deployDirectory
INFO: Deployment of web application directory /root/apache-tomcat-7.0.56/webapps/mca has finished in 407 ms
Mar 10, 2016 6:58:57 PM org.apache.coyote.AbstractProtocol start
INFO: Starting ProtocolHandler ["http-bio-8080"]
Mar 10, 2016 6:58:57 PM org.apache.coyote.AbstractProtocol start
INFO: Starting ProtocolHandler ["ajp-bio-8009"]
Mar 10, 2016 6:58:57 PM org.apache.catalina.startup.Catalina start
INFO: Server startup in 1908 ms
Mar 10, 2016 7:15:08 PM org.apache.catalina.startup.HostConfig reload
INFO: Reloading context [/mca]
Mar 10, 2016 7:15:08 PM org.apache.catalina.core.StandardContext reload
INFO: Reloading Context with name [/mca] has started
Mar 10, 2016 7:15:08 PM org.apache.catalina.core.StandardContext reload
INFO: Reloading Context with name [/mca] is completed
Mar 10, 2016 7:18:58 PM org.apache.catalina.startup.HostConfig reload
INFO: Reloading context [/mca]
Mar 10, 2016 7:18:58 PM org.apache.catalina.core.StandardContext reload
INFO: Reloading Context with name [/mca] has started
Mar 10, 2016 7:18:58 PM org.apache.catalina.core.StandardContext reload
INFO: Reloading Context with name [/mca] is completed
Mar 10, 2016 7:37:38 PM org.apache.catalina.startup.HostConfig reload
INFO: Reloading context [/mca]
Mar 10, 2016 7:37:38 PM org.apache.catalina.core.StandardContext reload
INFO: Reloading Context with name [/mca] has started
Mar 10, 2016 7:37:38 PM org.apache.catalina.core.StandardContext reload
INFO: Reloading Context with name [/mca] is completed
Mar 10, 2016 7:41:09 PM org.apache.catalina.startup.HostConfig reload
INFO: Reloading context [/mca]
Mar 10, 2016 7:41:09 PM org.apache.catalina.core.StandardContext reload
INFO: Reloading Context with name [/mca] has started
Mar 10, 2016 7:41:09 PM org.apache.catalina.core.StandardContext reload
INFO: Reloading Context with name [/mca] is completed
Mar 10, 2016 7:51:36 PM org.apache.coyote.AbstractProtocol pause
INFO: Pausing ProtocolHandler ["http-bio-8080"]
Mar 10, 2016 7:51:36 PM org.apache.coyote.AbstractProtocol pause
INFO: Pausing ProtocolHandler ["ajp-bio-8009"]
Mar 10, 2016 7:51:36 PM org.apache.catalina.core.StandardService stopInternal
INFO: Stopping service Catalina
Mar 10, 2016 7:51:36 PM org.apache.coyote.AbstractProtocol stop
INFO: Stopping ProtocolHandler ["http-bio-8080"]
Mar 10, 2016 7:51:36 PM org.apache.coyote.AbstractProtocol stop
INFO: Stopping ProtocolHandler ["ajp-bio-8009"]
Mar 10, 2016 7:51:36 PM org.apache.coyote.AbstractProtocol destroy
INFO: Destroying ProtocolHandler ["http-bio-8080"]
Mar 10, 2016 7:51:36 PM org.apache.coyote.AbstractProtocol destroy
INFO: Destroying ProtocolHandler ["ajp-bio-8009"]
