Dec 02, 2018 12:26:34 PM org.apache.catalina.core.AprLifecycleListener init
INFO: The APR based Apache Tomcat Native library which allows optimal performance in production environments was not found on the java.library.path: C:\Program Files\Java\jre1.8.0_121\bin;C:\WINDOWS\Sun\Java\bin;C:\WINDOWS\system32;C:\WINDOWS;C:\Program Files\NVIDIA GPU Computing Toolkit\CUDA\v9.0\bin;C:\Program Files\NVIDIA GPU Computing Toolkit\CUDA\v9.0\libnvvp;C:\Python27;C:\Python27\;C:\Python27\Scripts\;C:\Program Files (x86)\NVIDIA Corporation\PhysX\Common;C:\Program Files\Git\cmd;C:\Program Files\PuTTY\;C:\Users\admin\AppData\Local\Programs\Python\Python36\Scripts\;C:\Users\admin\AppData\Local\Programs\Python\Python36\;C:\Program Files\MongoDB\Server\3.2\bin;C:\Users\admin\AppData\Local\Microsoft\WindowsApps;C:\Users\admin\AppData\Local\Programs\Microsoft VS Code\bin;";C:\Python27\;C:\Python27\Scripts\";C:\cuda\bin;C:\cuda\include;C:\cuda\lib;c:\users\admin\appdata\local\programs\python\python36\Scripts;C:\Users\admin\AppData\Roaming\Python\Python36\Scripts;C:\Users\admin\AppData\Local\atom\bin;C:\Program Files (x86)\Windows Kits\10\Include\\ucrt;"C:\WINDOWS\System32;C:\WINDOWS";C:\Windows\System32\;C:\Python3.6;;.
Dec 02, 2018 12:26:36 PM org.apache.coyote.AbstractProtocol init
INFO: Initializing ProtocolHandler ["http-bio-8080"]
Dec 02, 2018 12:26:36 PM org.apache.coyote.AbstractProtocol init
INFO: Initializing ProtocolHandler ["ajp-bio-8009"]
Dec 02, 2018 12:26:36 PM org.apache.catalina.startup.Catalina load
INFO: Initialization processed in 2784 ms
Dec 02, 2018 12:26:36 PM org.apache.catalina.core.StandardService startInternal
INFO: Starting service Catalina
Dec 02, 2018 12:26:36 PM org.apache.catalina.core.StandardEngine startInternal
INFO: Starting Servlet Engine: Apache Tomcat/7.0.56
Dec 02, 2018 12:26:36 PM org.apache.catalina.startup.HostConfig deployDirectory
INFO: Deploying web application directory C:\Users\admin\Desktop\apache-tomcat-7.0.56\webapps\docs
Dec 02, 2018 12:26:38 PM org.apache.catalina.util.SessionIdGenerator createSecureRandom
INFO: Creation of SecureRandom instance for session ID generation using [SHA1PRNG] took [591] milliseconds.
Dec 02, 2018 12:26:38 PM org.apache.catalina.startup.HostConfig deployDirectory
INFO: Deployment of web application directory C:\Users\admin\Desktop\apache-tomcat-7.0.56\webapps\docs has finished in 1,813 ms
Dec 02, 2018 12:26:38 PM org.apache.catalina.startup.HostConfig deployDirectory
INFO: Deploying web application directory C:\Users\admin\Desktop\apache-tomcat-7.0.56\webapps\event
Dec 02, 2018 12:26:40 PM org.apache.catalina.startup.HostConfig deployDirectory
INFO: Deployment of web application directory C:\Users\admin\Desktop\apache-tomcat-7.0.56\webapps\event has finished in 2,005 ms
Dec 02, 2018 12:26:40 PM org.apache.catalina.startup.HostConfig deployDirectory
INFO: Deploying web application directory C:\Users\admin\Desktop\apache-tomcat-7.0.56\webapps\examples
Dec 02, 2018 12:26:48 PM org.apache.catalina.startup.HostConfig deployDirectory
INFO: Deployment of web application directory C:\Users\admin\Desktop\apache-tomcat-7.0.56\webapps\examples has finished in 8,082 ms
Dec 02, 2018 12:26:48 PM org.apache.catalina.startup.HostConfig deployDirectory
INFO: Deploying web application directory C:\Users\admin\Desktop\apache-tomcat-7.0.56\webapps\host-manager
Dec 02, 2018 12:26:49 PM org.apache.catalina.startup.HostConfig deployDirectory
INFO: Deployment of web application directory C:\Users\admin\Desktop\apache-tomcat-7.0.56\webapps\host-manager has finished in 365 ms
Dec 02, 2018 12:26:49 PM org.apache.catalina.startup.HostConfig deployDirectory
INFO: Deploying web application directory C:\Users\admin\Desktop\apache-tomcat-7.0.56\webapps\manager
Dec 02, 2018 12:26:49 PM org.apache.catalina.startup.HostConfig deployDirectory
INFO: Deployment of web application directory C:\Users\admin\Desktop\apache-tomcat-7.0.56\webapps\manager has finished in 299 ms
Dec 02, 2018 12:26:49 PM org.apache.catalina.startup.HostConfig deployDirectory
INFO: Deploying web application directory C:\Users\admin\Desktop\apache-tomcat-7.0.56\webapps\mca
Dec 02, 2018 12:26:53 PM org.apache.catalina.startup.HostConfig deployDirectory
INFO: Deployment of web application directory C:\Users\admin\Desktop\apache-tomcat-7.0.56\webapps\mca has finished in 4,297 ms
Dec 02, 2018 12:26:53 PM org.apache.catalina.startup.HostConfig deployDirectory
INFO: Deploying web application directory C:\Users\admin\Desktop\apache-tomcat-7.0.56\webapps\ROOT
Dec 02, 2018 12:26:53 PM org.apache.catalina.startup.HostConfig deployDirectory
INFO: Deployment of web application directory C:\Users\admin\Desktop\apache-tomcat-7.0.56\webapps\ROOT has finished in 234 ms
Dec 02, 2018 12:26:54 PM org.apache.coyote.AbstractProtocol start
INFO: Starting ProtocolHandler ["http-bio-8080"]
Dec 02, 2018 12:26:54 PM org.apache.coyote.AbstractProtocol start
INFO: Starting ProtocolHandler ["ajp-bio-8009"]
Dec 02, 2018 12:26:54 PM org.apache.catalina.startup.Catalina start
INFO: Server startup in 18147 ms
Dec 02, 2018 10:37:24 PM org.apache.catalina.core.AprLifecycleListener init
INFO: The APR based Apache Tomcat Native library which allows optimal performance in production environments was not found on the java.library.path: C:\Program Files\Java\jre1.8.0_121\bin;C:\WINDOWS\Sun\Java\bin;C:\WINDOWS\system32;C:\WINDOWS;C:\Program Files\NVIDIA GPU Computing Toolkit\CUDA\v9.0\bin;C:\Program Files\NVIDIA GPU Computing Toolkit\CUDA\v9.0\libnvvp;C:\Python27;C:\Python27\;C:\Python27\Scripts\;C:\Program Files (x86)\NVIDIA Corporation\PhysX\Common;C:\Program Files\Git\cmd;C:\Program Files\PuTTY\;C:\Users\admin\AppData\Local\Programs\Python\Python36\Scripts\;C:\Users\admin\AppData\Local\Programs\Python\Python36\;C:\Program Files\MongoDB\Server\3.2\bin;C:\Users\admin\AppData\Local\Microsoft\WindowsApps;C:\Users\admin\AppData\Local\Programs\Microsoft VS Code\bin;";C:\Python27\;C:\Python27\Scripts\";C:\cuda\bin;C:\cuda\include;C:\cuda\lib;c:\users\admin\appdata\local\programs\python\python36\Scripts;C:\Users\admin\AppData\Roaming\Python\Python36\Scripts;C:\Users\admin\AppData\Local\atom\bin;C:\Program Files (x86)\Windows Kits\10\Include\\ucrt;"C:\WINDOWS\System32;C:\WINDOWS";C:\Windows\System32\;C:\Python3.6;;.
Dec 02, 2018 10:37:28 PM org.apache.coyote.AbstractProtocol init
INFO: Initializing ProtocolHandler ["http-bio-8080"]
Dec 02, 2018 10:37:28 PM org.apache.coyote.AbstractProtocol init
INFO: Initializing ProtocolHandler ["ajp-bio-8009"]
Dec 02, 2018 10:37:28 PM org.apache.catalina.startup.Catalina load
INFO: Initialization processed in 3965 ms
Dec 02, 2018 10:37:28 PM org.apache.catalina.core.StandardService startInternal
INFO: Starting service Catalina
Dec 02, 2018 10:37:28 PM org.apache.catalina.core.StandardEngine startInternal
INFO: Starting Servlet Engine: Apache Tomcat/7.0.56
Dec 02, 2018 10:37:28 PM org.apache.catalina.startup.HostConfig deployDirectory
INFO: Deploying web application directory C:\Users\admin\Desktop\apache-tomcat-7.0.56\webapps\docs
Dec 02, 2018 10:37:30 PM org.apache.catalina.util.SessionIdGenerator createSecureRandom
INFO: Creation of SecureRandom instance for session ID generation using [SHA1PRNG] took [1,422] milliseconds.
Dec 02, 2018 10:37:30 PM org.apache.catalina.startup.HostConfig deployDirectory
INFO: Deployment of web application directory C:\Users\admin\Desktop\apache-tomcat-7.0.56\webapps\docs has finished in 2,181 ms
Dec 02, 2018 10:37:30 PM org.apache.catalina.startup.HostConfig deployDirectory
INFO: Deploying web application directory C:\Users\admin\Desktop\apache-tomcat-7.0.56\webapps\event
Dec 02, 2018 10:37:34 PM org.apache.catalina.startup.HostConfig deployDirectory
INFO: Deployment of web application directory C:\Users\admin\Desktop\apache-tomcat-7.0.56\webapps\event has finished in 3,393 ms
Dec 02, 2018 10:37:34 PM org.apache.catalina.startup.HostConfig deployDirectory
INFO: Deploying web application directory C:\Users\admin\Desktop\apache-tomcat-7.0.56\webapps\examples
Dec 02, 2018 10:37:36 PM org.apache.catalina.startup.HostConfig deployDirectory
INFO: Deployment of web application directory C:\Users\admin\Desktop\apache-tomcat-7.0.56\webapps\examples has finished in 2,322 ms
Dec 02, 2018 10:37:36 PM org.apache.catalina.startup.HostConfig deployDirectory
INFO: Deploying web application directory C:\Users\admin\Desktop\apache-tomcat-7.0.56\webapps\host-manager
Dec 02, 2018 10:37:36 PM org.apache.catalina.startup.HostConfig deployDirectory
INFO: Deployment of web application directory C:\Users\admin\Desktop\apache-tomcat-7.0.56\webapps\host-manager has finished in 120 ms
Dec 02, 2018 10:37:36 PM org.apache.catalina.startup.HostConfig deployDirectory
INFO: Deploying web application directory C:\Users\admin\Desktop\apache-tomcat-7.0.56\webapps\manager
Dec 02, 2018 10:37:37 PM org.apache.catalina.startup.HostConfig deployDirectory
INFO: Deployment of web application directory C:\Users\admin\Desktop\apache-tomcat-7.0.56\webapps\manager has finished in 283 ms
Dec 02, 2018 10:37:37 PM org.apache.catalina.startup.HostConfig deployDirectory
INFO: Deploying web application directory C:\Users\admin\Desktop\apache-tomcat-7.0.56\webapps\mca
Dec 02, 2018 10:37:39 PM org.apache.catalina.startup.HostConfig deployDirectory
INFO: Deployment of web application directory C:\Users\admin\Desktop\apache-tomcat-7.0.56\webapps\mca has finished in 2,517 ms
Dec 02, 2018 10:37:39 PM org.apache.catalina.startup.HostConfig deployDirectory
INFO: Deploying web application directory C:\Users\admin\Desktop\apache-tomcat-7.0.56\webapps\ROOT
Dec 02, 2018 10:37:39 PM org.apache.catalina.startup.HostConfig deployDirectory
INFO: Deployment of web application directory C:\Users\admin\Desktop\apache-tomcat-7.0.56\webapps\ROOT has finished in 115 ms
Dec 02, 2018 10:37:39 PM org.apache.coyote.AbstractProtocol start
INFO: Starting ProtocolHandler ["http-bio-8080"]
Dec 02, 2018 10:37:39 PM org.apache.coyote.AbstractProtocol start
INFO: Starting ProtocolHandler ["ajp-bio-8009"]
Dec 02, 2018 10:37:39 PM org.apache.catalina.startup.Catalina start
INFO: Server startup in 11322 ms
