Dec 11, 2018 10:19:15 PM org.apache.catalina.core.AprLifecycleListener init
INFO: The APR based Apache Tomcat Native library which allows optimal performance in production environments was not found on the java.library.path: C:\Program Files\Java\jre1.8.0_121\bin;C:\WINDOWS\Sun\Java\bin;C:\WINDOWS\system32;C:\WINDOWS;C:\Program Files\NVIDIA GPU Computing Toolkit\CUDA\v9.0\bin;C:\Program Files\NVIDIA GPU Computing Toolkit\CUDA\v9.0\libnvvp;C:\Python27;C:\Python27\;C:\Python27\Scripts\;C:\Program Files (x86)\NVIDIA Corporation\PhysX\Common;C:\Program Files\Git\cmd;C:\Program Files\PuTTY\;C:\Users\admin\AppData\Local\Programs\Python\Python36\Scripts\;C:\Users\admin\AppData\Local\Programs\Python\Python36\;C:\Program Files\MongoDB\Server\3.2\bin;C:\Users\admin\AppData\Local\Microsoft\WindowsApps;C:\Users\admin\AppData\Local\Programs\Microsoft VS Code\bin;";C:\Python27\;C:\Python27\Scripts\";C:\cuda\bin;C:\cuda\include;C:\cuda\lib;c:\users\admin\appdata\local\programs\python\python36\Scripts;C:\Users\admin\AppData\Roaming\Python\Python36\Scripts;C:\Users\admin\AppData\Local\atom\bin;C:\Program Files (x86)\Windows Kits\10\Include\\ucrt;"C:\WINDOWS\System32;C:\WINDOWS";C:\Windows\System32\;C:\Python3.6;C:\Users\admin\Miniconda3\envs\car-behavioral-cloning\Scripts;C:\Program Files\Java\jdk1.8.0_101\bin;;.
Dec 11, 2018 10:19:16 PM org.apache.coyote.AbstractProtocol init
INFO: Initializing ProtocolHandler ["http-bio-8080"]
Dec 11, 2018 10:19:16 PM org.apache.coyote.AbstractProtocol init
INFO: Initializing ProtocolHandler ["ajp-bio-8009"]
Dec 11, 2018 10:19:16 PM org.apache.catalina.startup.Catalina load
INFO: Initialization processed in 1159 ms
Dec 11, 2018 10:19:16 PM org.apache.catalina.core.StandardService startInternal
INFO: Starting service Catalina
Dec 11, 2018 10:19:16 PM org.apache.catalina.core.StandardEngine startInternal
INFO: Starting Servlet Engine: Apache Tomcat/7.0.56
Dec 11, 2018 10:19:16 PM org.apache.catalina.startup.HostConfig deployDirectory
INFO: Deploying web application directory C:\Users\admin\Desktop\apache-tomcat-7.0.56\webapps\docs
Dec 11, 2018 10:19:17 PM org.apache.catalina.util.SessionIdGenerator createSecureRandom
INFO: Creation of SecureRandom instance for session ID generation using [SHA1PRNG] took [401] milliseconds.
Dec 11, 2018 10:19:17 PM org.apache.catalina.startup.HostConfig deployDirectory
INFO: Deployment of web application directory C:\Users\admin\Desktop\apache-tomcat-7.0.56\webapps\docs has finished in 739 ms
Dec 11, 2018 10:19:17 PM org.apache.catalina.startup.HostConfig deployDirectory
INFO: Deploying web application directory C:\Users\admin\Desktop\apache-tomcat-7.0.56\webapps\event
Dec 11, 2018 10:19:19 PM org.apache.catalina.startup.HostConfig deployDirectory
INFO: Deployment of web application directory C:\Users\admin\Desktop\apache-tomcat-7.0.56\webapps\event has finished in 1,986 ms
Dec 11, 2018 10:19:19 PM org.apache.catalina.startup.HostConfig deployDirectory
INFO: Deploying web application directory C:\Users\admin\Desktop\apache-tomcat-7.0.56\webapps\examples
Dec 11, 2018 10:19:20 PM org.apache.catalina.startup.HostConfig deployDirectory
INFO: Deployment of web application directory C:\Users\admin\Desktop\apache-tomcat-7.0.56\webapps\examples has finished in 1,387 ms
Dec 11, 2018 10:19:20 PM org.apache.catalina.startup.HostConfig deployDirectory
INFO: Deploying web application directory C:\Users\admin\Desktop\apache-tomcat-7.0.56\webapps\host-manager
Dec 11, 2018 10:19:20 PM org.apache.catalina.startup.HostConfig deployDirectory
INFO: Deployment of web application directory C:\Users\admin\Desktop\apache-tomcat-7.0.56\webapps\host-manager has finished in 80 ms
Dec 11, 2018 10:19:20 PM org.apache.catalina.startup.HostConfig deployDirectory
INFO: Deploying web application directory C:\Users\admin\Desktop\apache-tomcat-7.0.56\webapps\manager
Dec 11, 2018 10:19:20 PM org.apache.catalina.startup.HostConfig deployDirectory
INFO: Deployment of web application directory C:\Users\admin\Desktop\apache-tomcat-7.0.56\webapps\manager has finished in 63 ms
Dec 11, 2018 10:19:20 PM org.apache.catalina.startup.HostConfig deployDirectory
INFO: Deploying web application directory C:\Users\admin\Desktop\apache-tomcat-7.0.56\webapps\mca
Dec 11, 2018 10:19:21 PM org.apache.catalina.startup.HostConfig deployDirectory
INFO: Deployment of web application directory C:\Users\admin\Desktop\apache-tomcat-7.0.56\webapps\mca has finished in 760 ms
Dec 11, 2018 10:19:21 PM org.apache.catalina.startup.HostConfig deployDirectory
INFO: Deploying web application directory C:\Users\admin\Desktop\apache-tomcat-7.0.56\webapps\ROOT
Dec 11, 2018 10:19:21 PM org.apache.catalina.startup.HostConfig deployDirectory
INFO: Deployment of web application directory C:\Users\admin\Desktop\apache-tomcat-7.0.56\webapps\ROOT has finished in 58 ms
Dec 11, 2018 10:19:21 PM org.apache.coyote.AbstractProtocol start
INFO: Starting ProtocolHandler ["http-bio-8080"]
Dec 11, 2018 10:19:21 PM org.apache.coyote.AbstractProtocol start
INFO: Starting ProtocolHandler ["ajp-bio-8009"]
Dec 11, 2018 10:19:21 PM org.apache.catalina.startup.Catalina start
INFO: Server startup in 5199 ms
