Oct 23, 2018 1:03:38 PM org.apache.catalina.core.AprLifecycleListener init
INFO: The APR based Apache Tomcat Native library which allows optimal performance in production environments was not found on the java.library.path: C:\Program Files\Java\jre1.8.0_121\bin;C:\WINDOWS\Sun\Java\bin;C:\WINDOWS\system32;C:\WINDOWS;C:\Program Files\NVIDIA GPU Computing Toolkit\CUDA\v9.0\bin;C:\Program Files\NVIDIA GPU Computing Toolkit\CUDA\v9.0\libnvvp;C:\Python27;C:\Python27\;C:\Python27\Scripts\;C:\Program Files (x86)\NVIDIA Corporation\PhysX\Common;C:\Users\admin\AppData\Local\Programs\Python\Python36\Scripts\;C:\Users\admin\AppData\Local\Programs\Python\Python36\;C:\Program Files\MongoDB\Server\3.2\bin;C:\Users\admin\AppData\Local\Microsoft\WindowsApps;C:\Users\admin\AppData\Local\Programs\Microsoft VS Code\bin;";C:\Python27\;C:\Python27\Scripts\";C:\cuda\bin;C:\cuda\include;C:\cuda\lib;c:\users\admin\appdata\local\programs\python\python36\Scripts;C:\Users\admin\AppData\Roaming\Python\Python36\Scripts;C:\Users\admin\AppData\Local\atom\bin;C:\Program Files (x86)\Windows Kits\10\Include\\ucrt;"C:\WINDOWS\System32;C:\WINDOWS";C:\Windows\System32\;;.
Oct 23, 2018 1:03:39 PM org.apache.coyote.AbstractProtocol init
INFO: Initializing ProtocolHandler ["http-bio-8080"]
Oct 23, 2018 1:03:39 PM org.apache.coyote.AbstractProtocol init
INFO: Initializing ProtocolHandler ["ajp-bio-8009"]
Oct 23, 2018 1:03:39 PM org.apache.catalina.startup.Catalina load
INFO: Initialization processed in 1987 ms
Oct 23, 2018 1:03:40 PM org.apache.catalina.core.StandardService startInternal
INFO: Starting service Catalina
Oct 23, 2018 1:03:40 PM org.apache.catalina.core.StandardEngine startInternal
INFO: Starting Servlet Engine: Apache Tomcat/7.0.56
Oct 23, 2018 1:03:40 PM org.apache.catalina.startup.HostConfig deployDirectory
INFO: Deploying web application directory C:\Users\admin\Desktop\apache-tomcat-7.0.56\webapps\docs
Oct 23, 2018 1:03:40 PM org.apache.catalina.util.SessionIdGenerator createSecureRandom
INFO: Creation of SecureRandom instance for session ID generation using [SHA1PRNG] took [402] milliseconds.
Oct 23, 2018 1:03:40 PM org.apache.catalina.startup.HostConfig deployDirectory
INFO: Deployment of web application directory C:\Users\admin\Desktop\apache-tomcat-7.0.56\webapps\docs has finished in 912 ms
Oct 23, 2018 1:03:40 PM org.apache.catalina.startup.HostConfig deployDirectory
INFO: Deploying web application directory C:\Users\admin\Desktop\apache-tomcat-7.0.56\webapps\event
Oct 23, 2018 1:03:42 PM org.apache.catalina.startup.HostConfig deployDirectory
INFO: Deployment of web application directory C:\Users\admin\Desktop\apache-tomcat-7.0.56\webapps\event has finished in 1,304 ms
Oct 23, 2018 1:03:42 PM org.apache.catalina.startup.HostConfig deployDirectory
INFO: Deploying web application directory C:\Users\admin\Desktop\apache-tomcat-7.0.56\webapps\examples
Oct 23, 2018 1:03:43 PM org.apache.catalina.startup.HostConfig deployDirectory
INFO: Deployment of web application directory C:\Users\admin\Desktop\apache-tomcat-7.0.56\webapps\examples has finished in 1,034 ms
Oct 23, 2018 1:03:43 PM org.apache.catalina.startup.HostConfig deployDirectory
INFO: Deploying web application directory C:\Users\admin\Desktop\apache-tomcat-7.0.56\webapps\host-manager
Oct 23, 2018 1:03:43 PM org.apache.catalina.startup.HostConfig deployDirectory
INFO: Deployment of web application directory C:\Users\admin\Desktop\apache-tomcat-7.0.56\webapps\host-manager has finished in 163 ms
Oct 23, 2018 1:03:43 PM org.apache.catalina.startup.HostConfig deployDirectory
INFO: Deploying web application directory C:\Users\admin\Desktop\apache-tomcat-7.0.56\webapps\manager
Oct 23, 2018 1:03:43 PM org.apache.catalina.startup.HostConfig deployDirectory
INFO: Deployment of web application directory C:\Users\admin\Desktop\apache-tomcat-7.0.56\webapps\manager has finished in 111 ms
Oct 23, 2018 1:03:43 PM org.apache.catalina.startup.HostConfig deployDirectory
INFO: Deploying web application directory C:\Users\admin\Desktop\apache-tomcat-7.0.56\webapps\mca
Oct 23, 2018 1:03:44 PM org.apache.catalina.startup.HostConfig deployDirectory
INFO: Deployment of web application directory C:\Users\admin\Desktop\apache-tomcat-7.0.56\webapps\mca has finished in 716 ms
Oct 23, 2018 1:03:44 PM org.apache.catalina.startup.HostConfig deployDirectory
INFO: Deploying web application directory C:\Users\admin\Desktop\apache-tomcat-7.0.56\webapps\ROOT
Oct 23, 2018 1:03:44 PM org.apache.catalina.startup.HostConfig deployDirectory
INFO: Deployment of web application directory C:\Users\admin\Desktop\apache-tomcat-7.0.56\webapps\ROOT has finished in 70 ms
Oct 23, 2018 1:03:44 PM org.apache.coyote.AbstractProtocol start
INFO: Starting ProtocolHandler ["http-bio-8080"]
Oct 23, 2018 1:03:44 PM org.apache.coyote.AbstractProtocol start
INFO: Starting ProtocolHandler ["ajp-bio-8009"]
Oct 23, 2018 1:03:44 PM org.apache.catalina.startup.Catalina start
INFO: Server startup in 4424 ms
Oct 23, 2018 1:55:06 PM org.apache.catalina.core.AprLifecycleListener init
INFO: The APR based Apache Tomcat Native library which allows optimal performance in production environments was not found on the java.library.path: C:\Program Files\Java\jre1.8.0_121\bin;C:\WINDOWS\Sun\Java\bin;C:\WINDOWS\system32;C:\WINDOWS;C:\Program Files\NVIDIA GPU Computing Toolkit\CUDA\v9.0\bin;C:\Program Files\NVIDIA GPU Computing Toolkit\CUDA\v9.0\libnvvp;C:\Python27;C:\Python27\;C:\Python27\Scripts\;C:\Program Files (x86)\NVIDIA Corporation\PhysX\Common;C:\Users\admin\AppData\Local\Programs\Python\Python36\Scripts\;C:\Users\admin\AppData\Local\Programs\Python\Python36\;C:\Program Files\MongoDB\Server\3.2\bin;C:\Users\admin\AppData\Local\Microsoft\WindowsApps;C:\Users\admin\AppData\Local\Programs\Microsoft VS Code\bin;";C:\Python27\;C:\Python27\Scripts\";C:\cuda\bin;C:\cuda\include;C:\cuda\lib;c:\users\admin\appdata\local\programs\python\python36\Scripts;C:\Users\admin\AppData\Roaming\Python\Python36\Scripts;C:\Users\admin\AppData\Local\atom\bin;C:\Program Files (x86)\Windows Kits\10\Include\\ucrt;"C:\WINDOWS\System32;C:\WINDOWS";C:\Windows\System32\;;.
Oct 23, 2018 1:55:07 PM org.apache.coyote.AbstractProtocol init
INFO: Initializing ProtocolHandler ["http-bio-8080"]
Oct 23, 2018 1:55:07 PM org.apache.coyote.AbstractProtocol init
INFO: Initializing ProtocolHandler ["ajp-bio-8009"]
Oct 23, 2018 1:55:07 PM org.apache.catalina.startup.Catalina load
INFO: Initialization processed in 1261 ms
Oct 23, 2018 1:55:07 PM org.apache.catalina.core.StandardService startInternal
INFO: Starting service Catalina
Oct 23, 2018 1:55:07 PM org.apache.catalina.core.StandardEngine startInternal
INFO: Starting Servlet Engine: Apache Tomcat/7.0.56
Oct 23, 2018 1:55:07 PM org.apache.catalina.startup.HostConfig deployDirectory
INFO: Deploying web application directory C:\Users\admin\Desktop\apache-tomcat-7.0.56\webapps\docs
Oct 23, 2018 1:55:08 PM org.apache.catalina.util.SessionIdGenerator createSecureRandom
INFO: Creation of SecureRandom instance for session ID generation using [SHA1PRNG] took [347] milliseconds.
Oct 23, 2018 1:55:08 PM org.apache.catalina.startup.HostConfig deployDirectory
INFO: Deployment of web application directory C:\Users\admin\Desktop\apache-tomcat-7.0.56\webapps\docs has finished in 701 ms
Oct 23, 2018 1:55:08 PM org.apache.catalina.startup.HostConfig deployDirectory
INFO: Deploying web application directory C:\Users\admin\Desktop\apache-tomcat-7.0.56\webapps\event
Oct 23, 2018 1:55:09 PM org.apache.catalina.startup.HostConfig deployDirectory
INFO: Deployment of web application directory C:\Users\admin\Desktop\apache-tomcat-7.0.56\webapps\event has finished in 1,187 ms
Oct 23, 2018 1:55:09 PM org.apache.catalina.startup.HostConfig deployDirectory
INFO: Deploying web application directory C:\Users\admin\Desktop\apache-tomcat-7.0.56\webapps\examples
Oct 23, 2018 1:55:10 PM org.apache.catalina.startup.HostConfig deployDirectory
INFO: Deployment of web application directory C:\Users\admin\Desktop\apache-tomcat-7.0.56\webapps\examples has finished in 1,019 ms
Oct 23, 2018 1:55:10 PM org.apache.catalina.startup.HostConfig deployDirectory
INFO: Deploying web application directory C:\Users\admin\Desktop\apache-tomcat-7.0.56\webapps\host-manager
Oct 23, 2018 1:55:10 PM org.apache.catalina.startup.HostConfig deployDirectory
INFO: Deployment of web application directory C:\Users\admin\Desktop\apache-tomcat-7.0.56\webapps\host-manager has finished in 84 ms
Oct 23, 2018 1:55:10 PM org.apache.catalina.startup.HostConfig deployDirectory
INFO: Deploying web application directory C:\Users\admin\Desktop\apache-tomcat-7.0.56\webapps\manager
Oct 23, 2018 1:55:10 PM org.apache.catalina.startup.HostConfig deployDirectory
INFO: Deployment of web application directory C:\Users\admin\Desktop\apache-tomcat-7.0.56\webapps\manager has finished in 69 ms
Oct 23, 2018 1:55:10 PM org.apache.catalina.startup.HostConfig deployDirectory
INFO: Deploying web application directory C:\Users\admin\Desktop\apache-tomcat-7.0.56\webapps\mca
Oct 23, 2018 1:55:11 PM org.apache.catalina.startup.HostConfig deployDirectory
INFO: Deployment of web application directory C:\Users\admin\Desktop\apache-tomcat-7.0.56\webapps\mca has finished in 664 ms
Oct 23, 2018 1:55:11 PM org.apache.catalina.startup.HostConfig deployDirectory
INFO: Deploying web application directory C:\Users\admin\Desktop\apache-tomcat-7.0.56\webapps\ROOT
Oct 23, 2018 1:55:11 PM org.apache.catalina.startup.HostConfig deployDirectory
INFO: Deployment of web application directory C:\Users\admin\Desktop\apache-tomcat-7.0.56\webapps\ROOT has finished in 53 ms
Oct 23, 2018 1:55:11 PM org.apache.coyote.AbstractProtocol start
INFO: Starting ProtocolHandler ["http-bio-8080"]
Oct 23, 2018 1:55:11 PM org.apache.coyote.AbstractProtocol start
INFO: Starting ProtocolHandler ["ajp-bio-8009"]
Oct 23, 2018 1:55:11 PM org.apache.catalina.startup.Catalina start
INFO: Server startup in 3846 ms
