Mar 10, 2016 6:58:54 PM org.apache.catalina.core.AprLifecycleListener init
INFO: The APR based Apache Tomcat Native library which allows optimal performance in production environments was not found on the java.library.path: /usr/java/packages/lib/amd64:/usr/lib64:/lib64:/lib:/usr/lib
Mar 10, 2016 6:58:55 PM org.apache.coyote.AbstractProtocol init
INFO: Initializing ProtocolHandler ["http-bio-8080"]
Mar 10, 2016 6:58:55 PM org.apache.coyote.AbstractProtocol init
INFO: Initializing ProtocolHandler ["ajp-bio-8009"]
Mar 10, 2016 6:58:55 PM org.apache.catalina.startup.Catalina load
INFO: Initialization processed in 1954 ms
Mar 10, 2016 6:58:55 PM org.apache.catalina.core.StandardService startInternal
INFO: Starting service Catalina
Mar 10, 2016 6:58:55 PM org.apache.catalina.core.StandardEngine startInternal
INFO: Starting Servlet Engine: Apache Tomcat/7.0.56
Mar 10, 2016 6:58:56 PM org.apache.catalina.startup.HostConfig deployDirectory
INFO: Deploying web application directory /root/apache-tomcat-7.0.56/webapps/ROOT
Mar 10, 2016 6:58:56 PM org.apache.catalina.startup.HostConfig deployDirectory
INFO: Deployment of web application directory /root/apache-tomcat-7.0.56/webapps/ROOT has finished in 656 ms
Mar 10, 2016 6:58:56 PM org.apache.catalina.startup.HostConfig deployDirectory
INFO: Deploying web application directory /root/apache-tomcat-7.0.56/webapps/examples
Mar 10, 2016 6:58:57 PM org.apache.catalina.startup.HostConfig deployDirectory
INFO: Deployment of web application directory /root/apache-tomcat-7.0.56/webapps/examples has finished in 465 ms
Mar 10, 2016 6:58:57 PM org.apache.catalina.startup.HostConfig deployDirectory
INFO: Deploying web application directory /root/apache-tomcat-7.0.56/webapps/manager
Mar 10, 2016 6:58:57 PM org.apache.catalina.startup.HostConfig deployDirectory
INFO: Deployment of web application directory /root/apache-tomcat-7.0.56/webapps/manager has finished in 74 ms
Mar 10, 2016 6:58:57 PM org.apache.catalina.startup.HostConfig deployDirectory
INFO: Deploying web application directory /root/apache-tomcat-7.0.56/webapps/host-manager
Mar 10, 2016 6:58:57 PM org.apache.catalina.startup.HostConfig deployDirectory
INFO: Deployment of web application directory /root/apache-tomcat-7.0.56/webapps/host-manager has finished in 62 ms
Mar 10, 2016 6:58:57 PM org.apache.catalina.startup.HostConfig deployDirectory
INFO: Deploying web application directory /root/apache-tomcat-7.0.56/webapps/docs
Mar 10, 2016 6:58:57 PM org.apache.catalina.startup.HostConfig deployDirectory
INFO: Deployment of web application directory /root/apache-tomcat-7.0.56/webapps/docs has finished in 63 ms
Mar 10, 2016 6:58:57 PM org.apache.catalina.startup.HostConfig deployDirectory
INFO: Deploying web application directory /root/apache-tomcat-7.0.56/webapps/mca
Mar 10, 2016 6:58:57 PM org.apache.catalina.startup.HostConfig deployDirectory
INFO: Deployment of web application directory /root/apache-tomcat-7.0.56/webapps/mca has finished in 407 ms
Mar 10, 2016 6:58:57 PM org.apache.coyote.AbstractProtocol start
INFO: Starting ProtocolHandler ["http-bio-8080"]
Mar 10, 2016 6:58:57 PM org.apache.coyote.AbstractProtocol start
INFO: Starting ProtocolHandler ["ajp-bio-8009"]
Mar 10, 2016 6:58:57 PM org.apache.catalina.startup.Catalina start
INFO: Server startup in 1908 ms
Mar 10, 2016 7:15:08 PM org.apache.catalina.startup.HostConfig reload
INFO: Reloading context [/mca]
Mar 10, 2016 7:15:08 PM org.apache.catalina.core.StandardContext reload
INFO: Reloading Context with name [/mca] has started
Mar 10, 2016 7:15:08 PM org.apache.catalina.core.StandardContext reload
INFO: Reloading Context with name [/mca] is completed
Mar 10, 2016 7:18:58 PM org.apache.catalina.startup.HostConfig reload
INFO: Reloading context [/mca]
Mar 10, 2016 7:18:58 PM org.apache.catalina.core.StandardContext reload
INFO: Reloading Context with name [/mca] has started
Mar 10, 2016 7:18:58 PM org.apache.catalina.core.StandardContext reload
INFO: Reloading Context with name [/mca] is completed
Mar 10, 2016 7:37:38 PM org.apache.catalina.startup.HostConfig reload
INFO: Reloading context [/mca]
Mar 10, 2016 7:37:38 PM org.apache.catalina.core.StandardContext reload
INFO: Reloading Context with name [/mca] has started
Mar 10, 2016 7:37:38 PM org.apache.catalina.core.StandardContext reload
INFO: Reloading Context with name [/mca] is completed
Mar 10, 2016 7:41:09 PM org.apache.catalina.startup.HostConfig reload
INFO: Reloading context [/mca]
Mar 10, 2016 7:41:09 PM org.apache.catalina.core.StandardContext reload
INFO: Reloading Context with name [/mca] has started
Mar 10, 2016 7:41:09 PM org.apache.catalina.core.StandardContext reload
INFO: Reloading Context with name [/mca] is completed
Mar 10, 2016 7:51:36 PM org.apache.coyote.AbstractProtocol pause
INFO: Pausing ProtocolHandler ["http-bio-8080"]
Mar 10, 2016 7:51:36 PM org.apache.coyote.AbstractProtocol pause
INFO: Pausing ProtocolHandler ["ajp-bio-8009"]
Mar 10, 2016 7:51:36 PM org.apache.catalina.core.StandardService stopInternal
INFO: Stopping service Catalina
Mar 10, 2016 7:51:36 PM org.apache.coyote.AbstractProtocol stop
INFO: Stopping ProtocolHandler ["http-bio-8080"]
Mar 10, 2016 7:51:36 PM org.apache.coyote.AbstractProtocol stop
INFO: Stopping ProtocolHandler ["ajp-bio-8009"]
Mar 10, 2016 7:51:36 PM org.apache.coyote.AbstractProtocol destroy
INFO: Destroying ProtocolHandler ["http-bio-8080"]
Mar 10, 2016 7:51:36 PM org.apache.coyote.AbstractProtocol destroy
INFO: Destroying ProtocolHandler ["ajp-bio-8009"]
